<?xml version="1.0" encoding="UTF-8"?>
<testsuites>
  <testsuite name="/workspace/phpunit.xml" tests="2" assertions="4" errors="0" failures="0" skipped="0" time="0.150249">
    <testsuite name="Unit" tests="1" assertions="1" errors="0" failures="0" skipped="0" time="0.021696">
      <testsuite name="Tests\Unit\ExampleTest" file="/workspace/tests/Unit/ExampleTest.php" tests="1" assertions="1" errors="0" failures="0" skipped="0" time="0.021696">
        <testcase name="test_that_true_is_true" file="/workspace/tests/Unit/ExampleTest.php" line="12" class="Tests\Unit\ExampleTest" classname="Tests.Unit.ExampleTest" assertions="1" time="0.021696"/>
      </testsuite>
    </testsuite>
    <testsuite name="Feature" tests="1" assertions="3" errors="0" failures="0" skipped="0" time="0.128554">
      <testsuite name="Tests\Feature\ExampleTest" file="/workspace/tests/Feature/ExampleTest.php" tests="1" assertions="3" errors="0" failures="0" skipped="0" time="0.128554">
        <testcase name="test_the_application_returns_a_successful_response" file="/workspace/tests/Feature/ExampleTest.php" line="13" class="Tests\Feature\ExampleTest" classname="Tests.Feature.ExampleTest" assertions="3" time="0.128554"/>
      </testsuite>
    </testsuite>
  </testsuite>
</testsuites>
