<?xml version="1.0" encoding="UTF-8"?>
<testsuites>
  <testsuite name="/workspace/phpunit.xml" tests="2" assertions="2" errors="0" failures="1" skipped="0" time="0.161160">
    <testsuite name="Unit" tests="1" assertions="1" errors="0" failures="0" skipped="0" time="0.023303">
      <testsuite name="Tests\Unit\ExampleTest" file="/workspace/tests/Unit/ExampleTest.php" tests="1" assertions="1" errors="0" failures="0" skipped="0" time="0.023303">
        <testcase name="test_that_true_is_true" file="/workspace/tests/Unit/ExampleTest.php" line="12" class="Tests\Unit\ExampleTest" classname="Tests.Unit.ExampleTest" assertions="1" time="0.023303"/>
      </testsuite>
    </testsuite>
    <testsuite name="Feature" tests="1" assertions="1" errors="0" failures="1" skipped="0" time="0.137857">
      <testsuite name="Tests\Feature\ExampleTest" file="/workspace/tests/Feature/ExampleTest.php" tests="1" assertions="1" errors="0" failures="1" skipped="0" time="0.137857">
        <testcase name="test_the_application_returns_a_successful_response" file="/workspace/tests/Feature/ExampleTest.php" line="13" class="Tests\Feature\ExampleTest" classname="Tests.Feature.ExampleTest" assertions="1" time="0.137857">
          <failure type="PHPUnit\Framework\ExpectationFailedException">Tests\Feature\ExampleTest::test_the_application_returns_a_successful_response
Expected response status code [200] but received 302.
Failed asserting that 302 is identical to 200.

/workspace/vendor/laravel/framework/src/Illuminate/Testing/TestResponseAssert.php:45
/workspace/vendor/laravel/framework/src/Illuminate/Testing/TestResponse.php:174
/workspace/tests/Feature/ExampleTest.php:17</failure>
        </testcase>
      </testsuite>
    </testsuite>
  </testsuite>
</testsuites>
