<?xml version="1.0" encoding="UTF-8"?>
<testsuites>
  <testsuite name="/workspace/phpunit.xml" tests="1" assertions="2" errors="0" failures="0" skipped="0" time="0.149342">
    <testsuite name="Feature" tests="1" assertions="2" errors="0" failures="0" skipped="0" time="0.149342">
      <testsuite name="Tests\Feature\Tenancy\TenantIsolationTest" file="/workspace/tests/Feature/Tenancy/TenantIsolationTest.php" tests="1" assertions="2" errors="0" failures="0" skipped="0" time="0.149342">
        <testcase name="test_data_isolated_between_tenants" file="/workspace/tests/Feature/Tenancy/TenantIsolationTest.php" line="11" class="Tests\Feature\Tenancy\TenantIsolationTest" classname="Tests.Feature.Tenancy.TenantIsolationTest" assertions="2" time="0.149342"/>
      </testsuite>
    </testsuite>
  </testsuite>
</testsuites>
