<?xml version="1.0" encoding="UTF-8"?>
<testsuites>
  <testsuite name="/workspace/phpunit.xml" tests="7" assertions="14" errors="2" failures="2" skipped="0" time="1.012343">
    <testsuite name="Unit" tests="1" assertions="1" errors="0" failures="0" skipped="0" time="0.022691">
      <testsuite name="Tests\Unit\ExampleTest" file="/workspace/tests/Unit/ExampleTest.php" tests="1" assertions="1" errors="0" failures="0" skipped="0" time="0.022691">
        <testcase name="test_that_true_is_true" file="/workspace/tests/Unit/ExampleTest.php" line="12" class="Tests\Unit\ExampleTest" classname="Tests.Unit.ExampleTest" assertions="1" time="0.022691"/>
      </testsuite>
    </testsuite>
    <testsuite name="Feature" tests="6" assertions="13" errors="2" failures="2" skipped="0" time="0.989652">
      <testsuite name="Tests\Feature\Auth\LoginTest" file="/workspace/tests/Feature/Auth/LoginTest.php" tests="2" assertions="9" errors="0" failures="1" skipped="0" time="0.396287">
        <testcase name="test_valid_login_redirects_to_home" file="/workspace/tests/Feature/Auth/LoginTest.php" line="11" class="Tests\Feature\Auth\LoginTest" classname="Tests.Feature.Auth.LoginTest" assertions="6" time="0.156984"/>
        <testcase name="test_invalid_password_redirects_back_to_login" file="/workspace/tests/Feature/Auth/LoginTest.php" line="26" class="Tests\Feature\Auth\LoginTest" classname="Tests.Feature.Auth.LoginTest" assertions="3" time="0.239303">
          <failure type="PHPUnit\Framework\ExpectationFailedException">Tests\Feature\Auth\LoginTest::test_invalid_password_redirects_back_to_login
Failed asserting that two strings are equal.

The following errors occurred during the last request:

These credentials do not match our records.

--- Expected
+++ Actual
@@ @@
-'http://127.0.0.1:8080/login'
+'http://127.0.0.1:8080'

/workspace/vendor/laravel/framework/src/Illuminate/Testing/TestResponseAssert.php:45
/workspace/vendor/laravel/framework/src/Illuminate/Testing/TestResponse.php:408
/workspace/vendor/laravel/framework/src/Illuminate/Testing/TestResponse.php:205
/workspace/tests/Feature/Auth/LoginTest.php:37</failure>
        </testcase>
      </testsuite>
      <testsuite name="Tests\Feature\Catalog\ProductTest" file="/workspace/tests/Feature/Catalog/ProductTest.php" tests="2" assertions="0" errors="2" failures="0" skipped="0" time="0.061993">
        <testcase name="test_create_product_with_mapping_valid" file="/workspace/tests/Feature/Catalog/ProductTest.php" line="25" class="Tests\Feature\Catalog\ProductTest" classname="Tests.Feature.Catalog.ProductTest" assertions="0" time="0.033145">
          <error type="BadMethodCallException">Tests\Feature\Catalog\ProductTest::test_create_product_with_mapping_valid
BadMethodCallException: Call to undefined method App\Models\Category::factory()

/workspace/vendor/laravel/framework/src/Illuminate/Support/Traits/ForwardsCalls.php:67
/workspace/vendor/laravel/framework/src/Illuminate/Support/Traits/ForwardsCalls.php:36
/workspace/vendor/laravel/framework/src/Illuminate/Database/Eloquent/Model.php:2496
/workspace/vendor/laravel/framework/src/Illuminate/Database/Eloquent/Model.php:2512
/workspace/tests/Feature/Catalog/ProductTest.php:29</error>
        </testcase>
        <testcase name="test_create_product_invalid_unit_fk" file="/workspace/tests/Feature/Catalog/ProductTest.php" line="75" class="Tests\Feature\Catalog\ProductTest" classname="Tests.Feature.Catalog.ProductTest" assertions="0" time="0.028848">
          <error type="BadMethodCallException">Tests\Feature\Catalog\ProductTest::test_create_product_invalid_unit_fk
BadMethodCallException: Call to undefined method App\Models\Category::factory()

/workspace/vendor/laravel/framework/src/Illuminate/Support/Traits/ForwardsCalls.php:67
/workspace/vendor/laravel/framework/src/Illuminate/Support/Traits/ForwardsCalls.php:36
/workspace/vendor/laravel/framework/src/Illuminate/Database/Eloquent/Model.php:2496
/workspace/vendor/laravel/framework/src/Illuminate/Database/Eloquent/Model.php:2512
/workspace/tests/Feature/Catalog/ProductTest.php:79</error>
        </testcase>
      </testsuite>
      <testsuite name="Tests\Feature\ExampleTest" file="/workspace/tests/Feature/ExampleTest.php" tests="1" assertions="3" errors="0" failures="0" skipped="0" time="0.042392">
        <testcase name="test_the_application_returns_a_successful_response" file="/workspace/tests/Feature/ExampleTest.php" line="13" class="Tests\Feature\ExampleTest" classname="Tests.Feature.ExampleTest" assertions="3" time="0.042392"/>
      </testsuite>
      <testsuite name="Tests\Feature\Reports\ExportTest" file="/workspace/tests/Feature/Reports/ExportTest.php" tests="1" assertions="1" errors="0" failures="1" skipped="0" time="0.488980">
        <testcase name="test_sales_pdf_export_returns_pdf" file="/workspace/tests/Feature/Reports/ExportTest.php" line="20" class="Tests\Feature\Reports\ExportTest" classname="Tests.Feature.Reports.ExportTest" assertions="1" time="0.488980">
          <failure type="PHPUnit\Framework\ExpectationFailedException">Tests\Feature\Reports\ExportTest::test_sales_pdf_export_returns_pdf
Expected response status code [200] but received 500.
Failed asserting that 500 is identical to 200.

The following exception occurred during the last request:

PDOException: SQLSTATE[42S02]: Base table or view not found: 1146 Table 'tenant_demo_test.product_store' doesn't exist in /workspace/vendor/laravel/framework/src/Illuminate/Database/Connection.php:409
Stack trace:
#0 /workspace/vendor/laravel/framework/src/Illuminate/Database/Connection.php(409): PDOStatement-&gt;execute()
#1 /workspace/vendor/laravel/framework/src/Illuminate/Database/Connection.php(809): Illuminate\Database\Connection-&gt;{closure:Illuminate\Database\Connection::select():395}()
#2 /workspace/vendor/laravel/framework/src/Illuminate/Database/Connection.php(776): Illuminate\Database\Connection-&gt;runQueryCallback()
#3 /workspace/vendor/laravel/framework/src/Illuminate/Database/Connection.php(395): Illuminate\Database\Connection-&gt;run()
#4 /workspace/vendor/laravel/framework/src/Illuminate/Database/Query/Builder.php(3131): Illuminate\Database\Connection-&gt;select()
#5 /workspace/vendor/laravel/framework/src/Illuminate/Database/Query/Builder.php(3116): Illuminate\Database\Query\Builder-&gt;runSelect()
#6 /workspace/vendor/laravel/framework/src/Illuminate/Database/Query/Builder.php(3706): Illuminate\Database\Query\Builder-&gt;{closure:Illuminate\Database\Query\Builder::get():3115}()
#7 /workspace/vendor/laravel/framework/src/Illuminate/Database/Query/Builder.php(3115): Illuminate\Database\Query\Builder-&gt;onceWithColumns()
#8 /workspace/vendor/laravel/framework/src/Illuminate/Database/Eloquent/Builder.php(872): Illuminate\Database\Query\Builder-&gt;get()
#9 /workspace/vendor/laravel/framework/src/Illuminate/Database/Eloquent/Builder.php(854): Illuminate\Database\Eloquent\Builder-&gt;getModels()
#10 /workspace/vendor/laravel/framework/src/Illuminate/Database/Concerns/BuildsQueries.php(366): Illuminate\Database\Eloquent\Builder-&gt;get()
#11 /workspace/app/Http/Controllers/Admin/ReportController.php(71): Illuminate\Database\Eloquent\Builder-&gt;first()
#12 /workspace/app/Http/Controllers/Admin/ReportController.php(330): App\Http\Controllers\Admin\ReportController-&gt;getSalesReportData()
#13 /workspace/vendor/laravel/framework/src/Illuminate/Routing/Controller.php(54): App\Http\Controllers\Admin\ReportController-&gt;salesExport()
#14 /workspace/vendor/laravel/framework/src/Illuminate/Routing/ControllerDispatcher.php(43): Illuminate\Routing\Controller-&gt;callAction()
#15 /workspace/vendor/laravel/framework/src/Illuminate/Routing/Route.php(265): Illuminate\Routing\ControllerDispatcher-&gt;dispatch()
#16 /workspace/vendor/laravel/framework/src/Illuminate/Routing/Route.php(211): Illuminate\Routing\Route-&gt;runController()
#17 /workspace/vendor/laravel/framework/src/Illuminate/Routing/Router.php(808): Illuminate\Routing\Route-&gt;run()
#18 /workspace/vendor/laravel/framework/src/Illuminate/Pipeline/Pipeline.php(169): Illuminate\Routing\Router-&gt;{closure:Illuminate\Routing\Router::runRouteWithinStack():807}()
#19 /workspace/vendor/barryvdh/laravel-debugbar/src/Middleware/InjectDebugbar.php(59): Illuminate\Pipeline\Pipeline-&gt;{closure:Illuminate\Pipeline\Pipeline::prepareDestination():167}()
#20 /workspace/vendor/laravel/framework/src/Illuminate/Pipeline/Pipeline.php(208): Barryvdh\Debugbar\Middleware\InjectDebugbar-&gt;handle()
#21 /workspace/vendor/spatie/laravel-multitenancy/src/Http/Middleware/EnsureValidTenantSession.php(20): Illuminate\Pipeline\Pipeline-&gt;{closure:{closure:Illuminate\Pipeline\Pipeline::carry():183}:184}()
#22 /workspace/vendor/laravel/framework/src/Illuminate/Pipeline/Pipeline.php(208): Spatie\Multitenancy\Http\Middleware\EnsureValidTenantSession-&gt;handle()
#23 /workspace/vendor/spatie/laravel-multitenancy/src/Http/Middleware/NeedsTenant.php(17): Illuminate\Pipeline\Pipeline-&gt;{closure:{closure:Illuminate\Pipeline\Pipeline::carry():183}:184}()
#24 /workspace/vendor/laravel/framework/src/Illuminate/Pipeline/Pipeline.php(208): Spatie\Multitenancy\Http\Middleware\NeedsTenant-&gt;handle()
#25 /workspace/vendor/laravel/framework/src/Illuminate/Routing/Middleware/SubstituteBindings.php(50): Illuminate\Pipeline\Pipeline-&gt;{closure:{closure:Illuminate\Pipeline\Pipeline::carry():183}:184}()
#26 /workspace/vendor/laravel/framework/src/Illuminate/Pipeline/Pipeline.php(208): Illuminate\Routing\Middleware\SubstituteBindings-&gt;handle()
#27 /workspace/vendor/laravel/framework/src/Illuminate/Auth/Middleware/Authenticate.php(63): Illuminate\Pipeline\Pipeline-&gt;{closure:{closure:Illuminate\Pipeline\Pipeline::carry():183}:184}()
#28 /workspace/vendor/laravel/framework/src/Illuminate/Pipeline/Pipeline.php(208): Illuminate\Auth\Middleware\Authenticate-&gt;handle()
#29 /workspace/vendor/laravel/framework/src/Illuminate/Foundation/Http/Middleware/VerifyCsrfToken.php(87): Illuminate\Pipeline\Pipeline-&gt;{closure:{closure:Illuminate\Pipeline\Pipeline::carry():183}:184}()
#30 /workspace/vendor/laravel/framework/src/Illuminate/Pipeline/Pipeline.php(208): Illuminate\Foundation\Http\Middleware\VerifyCsrfToken-&gt;handle()
#31 /workspace/vendor/laravel/framework/src/Illuminate/View/Middleware/ShareErrorsFromSession.php(48): Illuminate\Pipeline\Pipeline-&gt;{closure:{closure:Illuminate\Pipeline\Pipeline::carry():183}:184}()
#32 /workspace/vendor/laravel/framework/src/Illuminate/Pipeline/Pipeline.php(208): Illuminate\View\Middleware\ShareErrorsFromSession-&gt;handle()
#33 /workspace/vendor/laravel/framework/src/Illuminate/Session/Middleware/StartSession.php(120): Illuminate\Pipeline\Pipeline-&gt;{closure:{closure:Illuminate\Pipeline\Pipeline::carry():183}:184}()
#34 /workspace/vendor/laravel/framework/src/Illuminate/Session/Middleware/StartSession.php(63): Illuminate\Session\Middleware\StartSession-&gt;handleStatefulRequest()
#35 /workspace/vendor/laravel/framework/src/Illuminate/Pipeline/Pipeline.php(208): Illuminate\Session\Middleware\StartSession-&gt;handle()
#36 /workspace/vendor/laravel/framework/src/Illuminate/Cookie/Middleware/AddQueuedCookiesToResponse.php(36): Illuminate\Pipeline\Pipeline-&gt;{closure:{closure:Illuminate\Pipeline\Pipeline::carry():183}:184}()
#37 /workspace/vendor/laravel/framework/src/Illuminate/Pipeline/Pipeline.php(208): Illuminate\Cookie\Middleware\AddQueuedCookiesToResponse-&gt;handle()
#38 /workspace/vendor/laravel/framework/src/Illuminate/Cookie/Middleware/EncryptCookies.php(74): Illuminate\Pipeline\Pipeline-&gt;{closure:{closure:Illuminate\Pipeline\Pipeline::carry():183}:184}()
#39 /workspace/vendor/laravel/framework/src/Illuminate/Pipeline/Pipeline.php(208): Illuminate\Cookie\Middleware\EncryptCookies-&gt;handle()
#40 /workspace/vendor/laravel/framework/src/Illuminate/Pipeline/Pipeline.php(126): Illuminate\Pipeline\Pipeline-&gt;{closure:{closure:Illuminate\Pipeline\Pipeline::carry():183}:184}()
#41 /workspace/vendor/laravel/framework/src/Illuminate/Routing/Router.php(807): Illuminate\Pipeline\Pipeline-&gt;then()
#42 /workspace/vendor/laravel/framework/src/Illuminate/Routing/Router.php(786): Illuminate\Routing\Router-&gt;runRouteWithinStack()
#43 /workspace/vendor/laravel/framework/src/Illuminate/Routing/Router.php(750): Illuminate\Routing\Router-&gt;runRoute()
#44 /workspace/vendor/laravel/framework/src/Illuminate/Routing/Router.php(739): Illuminate\Routing\Router-&gt;dispatchToRoute()
#45 /workspace/vendor/laravel/framework/src/Illuminate/Foundation/Http/Kernel.php(200): Illuminate\Routing\Router-&gt;dispatch()
#46 /workspace/vendor/laravel/framework/src/Illuminate/Pipeline/Pipeline.php(169): Illuminate\Foundation\Http\Kernel-&gt;{closure:Illuminate\Foundation\Http\Kernel::dispatchToRouter():197}()
#47 /workspace/vendor/livewire/livewire/src/Features/SupportDisablingBackButtonCache/DisableBackButtonCacheMiddleware.php(19): Illuminate\Pipeline\Pipeline-&gt;{closure:Illuminate\Pipeline\Pipeline::prepareDestination():167}()
#48 /workspace/vendor/laravel/framework/src/Illuminate/Pipeline/Pipeline.php(208): Livewire\Features\SupportDisablingBackButtonCache\DisableBackButtonCacheMiddleware-&gt;handle()
#49 /workspace/vendor/barryvdh/laravel-debugbar/src/Middleware/InjectDebugbar.php(59): Illuminate\Pipeline\Pipeline-&gt;{closure:{closure:Illuminate\Pipeline\Pipeline::carry():183}:184}()
#50 /workspace/vendor/laravel/framework/src/Illuminate/Pipeline/Pipeline.php(208): Barryvdh\Debugbar\Middleware\InjectDebugbar-&gt;handle()
#51 /workspace/vendor/laravel/framework/src/Illuminate/Foundation/Http/Middleware/TransformsRequest.php(21): Illuminate\Pipeline\Pipeline-&gt;{closure:{closure:Illuminate\Pipeline\Pipeline::carry():183}:184}()
#52 /workspace/vendor/laravel/framework/src/Illuminate/Foundation/Http/Middleware/ConvertEmptyStringsToNull.php(31): Illuminate\Foundation\Http\Middleware\TransformsRequest-&gt;handle()
#53 /workspace/vendor/laravel/framework/src/Illuminate/Pipeline/Pipeline.php(208): Illuminate\Foundation\Http\Middleware\ConvertEmptyStringsToNull-&gt;handle()
#54 /workspace/vendor/laravel/framework/src/Illuminate/Foundation/Http/Middleware/TransformsRequest.php(21): Illuminate\Pipeline\Pipeline-&gt;{closure:{closure:Illuminate\Pipeline\Pipeline::carry():183}:184}()
#55 /workspace/vendor/laravel/framework/src/Illuminate/Foundation/Http/Middleware/TrimStrings.php(51): Illuminate\Foundation\Http\Middleware\TransformsRequest-&gt;handle()
#56 /workspace/vendor/laravel/framework/src/Illuminate/Pipeline/Pipeline.php(208): Illuminate\Foundation\Http\Middleware\TrimStrings-&gt;handle()
#57 /workspace/vendor/laravel/framework/src/Illuminate/Http/Middleware/ValidatePostSize.php(27): Illuminate\Pipeline\Pipeline-&gt;{closure:{closure:Illuminate\Pipeline\Pipeline::carry():183}:184}()
#58 /workspace/vendor/laravel/framework/src/Illuminate/Pipeline/Pipeline.php(208): Illuminate\Http\Middleware\ValidatePostSize-&gt;handle()
#59 /workspace/vendor/laravel/framework/src/Illuminate/Foundation/Http/Middleware/PreventRequestsDuringMaintenance.php(109): Illuminate\Pipeline\Pipeline-&gt;{closure:{closure:Illuminate\Pipeline\Pipeline::carry():183}:184}()
#60 /workspace/vendor/laravel/framework/src/Illuminate/Pipeline/Pipeline.php(208): Illuminate\Foundation\Http\Middleware\PreventRequestsDuringMaintenance-&gt;handle()
#61 /workspace/vendor/laravel/framework/src/Illuminate/Http/Middleware/HandleCors.php(48): Illuminate\Pipeline\Pipeline-&gt;{closure:{closure:Illuminate\Pipeline\Pipeline::carry():183}:184}()
#62 /workspace/vendor/laravel/framework/src/Illuminate/Pipeline/Pipeline.php(208): Illuminate\Http\Middleware\HandleCors-&gt;handle()
#63 /workspace/vendor/laravel/framework/src/Illuminate/Http/Middleware/TrustProxies.php(58): Illuminate\Pipeline\Pipeline-&gt;{closure:{closure:Illuminate\Pipeline\Pipeline::carry():183}:184}()
#64 /workspace/vendor/laravel/framework/src/Illuminate/Pipeline/Pipeline.php(208): Illuminate\Http\Middleware\TrustProxies-&gt;handle()
#65 /workspace/vendor/laravel/framework/src/Illuminate/Foundation/Http/Middleware/InvokeDeferredCallbacks.php(22): Illuminate\Pipeline\Pipeline-&gt;{closure:{closure:Illuminate\Pipeline\Pipeline::carry():183}:184}()
#66 /workspace/vendor/laravel/framework/src/Illuminate/Pipeline/Pipeline.php(208): Illuminate\Foundation\Http\Middleware\InvokeDeferredCallbacks-&gt;handle()
#67 /workspace/vendor/laravel/framework/src/Illuminate/Http/Middleware/ValidatePathEncoding.php(26): Illuminate\Pipeline\Pipeline-&gt;{closure:{closure:Illuminate\Pipeline\Pipeline::carry():183}:184}()
#68 /workspace/vendor/laravel/framework/src/Illuminate/Pipeline/Pipeline.php(208): Illuminate\Http\Middleware\ValidatePathEncoding-&gt;handle()
#69 /workspace/vendor/laravel/framework/src/Illuminate/Pipeline/Pipeline.php(126): Illuminate\Pipeline\Pipeline-&gt;{closure:{closure:Illuminate\Pipeline\Pipeline::carry():183}:184}()
#70 /workspace/vendor/laravel/framework/src/Illuminate/Foundation/Http/Kernel.php(175): Illuminate\Pipeline\Pipeline-&gt;then()
#71 /workspace/vendor/laravel/framework/src/Illuminate/Foundation/Http/Kernel.php(144): Illuminate\Foundation\Http\Kernel-&gt;sendRequestThroughRouter()
#72 /workspace/vendor/laravel/framework/src/Illuminate/Foundation/Testing/Concerns/MakesHttpRequests.php(607): Illuminate\Foundation\Http\Kernel-&gt;handle()
#73 /workspace/vendor/laravel/framework/src/Illuminate/Foundation/Testing/Concerns/MakesHttpRequests.php(368): Illuminate\Foundation\Testing\TestCase-&gt;call()
#74 /workspace/tests/Feature/Reports/ExportTest.php(24): Illuminate\Foundation\Testing\TestCase-&gt;get()
#75 /workspace/vendor/phpunit/phpunit/src/Framework/TestCase.php(1656): Tests\Feature\Reports\ExportTest-&gt;test_sales_pdf_export_returns_pdf()
#76 /workspace/vendor/phpunit/phpunit/src/Framework/TestCase.php(514): PHPUnit\Framework\TestCase-&gt;runTest()
#77 /workspace/vendor/phpunit/phpunit/src/Framework/TestRunner/TestRunner.php(87): PHPUnit\Framework\TestCase-&gt;runBare()
#78 /workspace/vendor/phpunit/phpunit/src/Framework/TestCase.php(361): PHPUnit\Framework\TestRunner-&gt;run()
#79 /workspace/vendor/phpunit/phpunit/src/Framework/TestSuite.php(369): PHPUnit\Framework\TestCase-&gt;run()
#80 /workspace/vendor/phpunit/phpunit/src/Framework/TestSuite.php(369): PHPUnit\Framework\TestSuite-&gt;run()
#81 /workspace/vendor/phpunit/phpunit/src/Framework/TestSuite.php(369): PHPUnit\Framework\TestSuite-&gt;run()
#82 /workspace/vendor/phpunit/phpunit/src/TextUI/TestRunner.php(64): PHPUnit\Framework\TestSuite-&gt;run()
#83 /workspace/vendor/phpunit/phpunit/src/TextUI/Application.php(210): PHPUnit\TextUI\TestRunner-&gt;run()
#84 /workspace/vendor/phpunit/phpunit/phpunit(104): PHPUnit\TextUI\Application-&gt;run()
#85 /workspace/vendor/bin/phpunit(122): include('...')
#86 {main}

Next Illuminate\Database\QueryException: SQLSTATE[42S02]: Base table or view not found: 1146 Table 'tenant_demo_test.product_store' doesn't exist (Connection: tenant, SQL: select * from `product_store` where `product_id` = 1 and `store_id` = 1 limit 1) in /workspace/vendor/laravel/framework/src/Illuminate/Database/Connection.php:822
Stack trace:
#0 /workspace/vendor/laravel/framework/src/Illuminate/Database/Connection.php(776): Illuminate\Database\Connection-&gt;runQueryCallback()
#1 /workspace/vendor/laravel/framework/src/Illuminate/Database/Connection.php(395): Illuminate\Database\Connection-&gt;run()
#2 /workspace/vendor/laravel/framework/src/Illuminate/Database/Query/Builder.php(3131): Illuminate\Database\Connection-&gt;select()
#3 /workspace/vendor/laravel/framework/src/Illuminate/Database/Query/Builder.php(3116): Illuminate\Database\Query\Builder-&gt;runSelect()
#4 /workspace/vendor/laravel/framework/src/Illuminate/Database/Query/Builder.php(3706): Illuminate\Database\Query\Builder-&gt;{closure:Illuminate\Database\Query\Builder::get():3115}()
#5 /workspace/vendor/laravel/framework/src/Illuminate/Database/Query/Builder.php(3115): Illuminate\Database\Query\Builder-&gt;onceWithColumns()
#6 /workspace/vendor/laravel/framework/src/Illuminate/Database/Eloquent/Builder.php(872): Illuminate\Database\Query\Builder-&gt;get()
#7 /workspace/vendor/laravel/framework/src/Illuminate/Database/Eloquent/Builder.php(854): Illuminate\Database\Eloquent\Builder-&gt;getModels()
#8 /workspace/vendor/laravel/framework/src/Illuminate/Database/Concerns/BuildsQueries.php(366): Illuminate\Database\Eloquent\Builder-&gt;get()
#9 /workspace/app/Http/Controllers/Admin/ReportController.php(71): Illuminate\Database\Eloquent\Builder-&gt;first()
#10 /workspace/app/Http/Controllers/Admin/ReportController.php(330): App\Http\Controllers\Admin\ReportController-&gt;getSalesReportData()
#11 /workspace/vendor/laravel/framework/src/Illuminate/Routing/Controller.php(54): App\Http\Controllers\Admin\ReportController-&gt;salesExport()
#12 /workspace/vendor/laravel/framework/src/Illuminate/Routing/ControllerDispatcher.php(43): Illuminate\Routing\Controller-&gt;callAction()
#13 /workspace/vendor/laravel/framework/src/Illuminate/Routing/Route.php(265): Illuminate\Routing\ControllerDispatcher-&gt;dispatch()
#14 /workspace/vendor/laravel/framework/src/Illuminate/Routing/Route.php(211): Illuminate\Routing\Route-&gt;runController()
#15 /workspace/vendor/laravel/framework/src/Illuminate/Routing/Router.php(808): Illuminate\Routing\Route-&gt;run()
#16 /workspace/vendor/laravel/framework/src/Illuminate/Pipeline/Pipeline.php(169): Illuminate\Routing\Router-&gt;{closure:Illuminate\Routing\Router::runRouteWithinStack():807}()
#17 /workspace/vendor/barryvdh/laravel-debugbar/src/Middleware/InjectDebugbar.php(59): Illuminate\Pipeline\Pipeline-&gt;{closure:Illuminate\Pipeline\Pipeline::prepareDestination():167}()
#18 /workspace/vendor/laravel/framework/src/Illuminate/Pipeline/Pipeline.php(208): Barryvdh\Debugbar\Middleware\InjectDebugbar-&gt;handle()
#19 /workspace/vendor/spatie/laravel-multitenancy/src/Http/Middleware/EnsureValidTenantSession.php(20): Illuminate\Pipeline\Pipeline-&gt;{closure:{closure:Illuminate\Pipeline\Pipeline::carry():183}:184}()
#20 /workspace/vendor/laravel/framework/src/Illuminate/Pipeline/Pipeline.php(208): Spatie\Multitenancy\Http\Middleware\EnsureValidTenantSession-&gt;handle()
#21 /workspace/vendor/spatie/laravel-multitenancy/src/Http/Middleware/NeedsTenant.php(17): Illuminate\Pipeline\Pipeline-&gt;{closure:{closure:Illuminate\Pipeline\Pipeline::carry():183}:184}()
#22 /workspace/vendor/laravel/framework/src/Illuminate/Pipeline/Pipeline.php(208): Spatie\Multitenancy\Http\Middleware\NeedsTenant-&gt;handle()
#23 /workspace/vendor/laravel/framework/src/Illuminate/Routing/Middleware/SubstituteBindings.php(50): Illuminate\Pipeline\Pipeline-&gt;{closure:{closure:Illuminate\Pipeline\Pipeline::carry():183}:184}()
#24 /workspace/vendor/laravel/framework/src/Illuminate/Pipeline/Pipeline.php(208): Illuminate\Routing\Middleware\SubstituteBindings-&gt;handle()
#25 /workspace/vendor/laravel/framework/src/Illuminate/Auth/Middleware/Authenticate.php(63): Illuminate\Pipeline\Pipeline-&gt;{closure:{closure:Illuminate\Pipeline\Pipeline::carry():183}:184}()
#26 /workspace/vendor/laravel/framework/src/Illuminate/Pipeline/Pipeline.php(208): Illuminate\Auth\Middleware\Authenticate-&gt;handle()
#27 /workspace/vendor/laravel/framework/src/Illuminate/Foundation/Http/Middleware/VerifyCsrfToken.php(87): Illuminate\Pipeline\Pipeline-&gt;{closure:{closure:Illuminate\Pipeline\Pipeline::carry():183}:184}()
#28 /workspace/vendor/laravel/framework/src/Illuminate/Pipeline/Pipeline.php(208): Illuminate\Foundation\Http\Middleware\VerifyCsrfToken-&gt;handle()
#29 /workspace/vendor/laravel/framework/src/Illuminate/View/Middleware/ShareErrorsFromSession.php(48): Illuminate\Pipeline\Pipeline-&gt;{closure:{closure:Illuminate\Pipeline\Pipeline::carry():183}:184}()
#30 /workspace/vendor/laravel/framework/src/Illuminate/Pipeline/Pipeline.php(208): Illuminate\View\Middleware\ShareErrorsFromSession-&gt;handle()
#31 /workspace/vendor/laravel/framework/src/Illuminate/Session/Middleware/StartSession.php(120): Illuminate\Pipeline\Pipeline-&gt;{closure:{closure:Illuminate\Pipeline\Pipeline::carry():183}:184}()
#32 /workspace/vendor/laravel/framework/src/Illuminate/Session/Middleware/StartSession.php(63): Illuminate\Session\Middleware\StartSession-&gt;handleStatefulRequest()
#33 /workspace/vendor/laravel/framework/src/Illuminate/Pipeline/Pipeline.php(208): Illuminate\Session\Middleware\StartSession-&gt;handle()
#34 /workspace/vendor/laravel/framework/src/Illuminate/Cookie/Middleware/AddQueuedCookiesToResponse.php(36): Illuminate\Pipeline\Pipeline-&gt;{closure:{closure:Illuminate\Pipeline\Pipeline::carry():183}:184}()
#35 /workspace/vendor/laravel/framework/src/Illuminate/Pipeline/Pipeline.php(208): Illuminate\Cookie\Middleware\AddQueuedCookiesToResponse-&gt;handle()
#36 /workspace/vendor/laravel/framework/src/Illuminate/Cookie/Middleware/EncryptCookies.php(74): Illuminate\Pipeline\Pipeline-&gt;{closure:{closure:Illuminate\Pipeline\Pipeline::carry():183}:184}()
#37 /workspace/vendor/laravel/framework/src/Illuminate/Pipeline/Pipeline.php(208): Illuminate\Cookie\Middleware\EncryptCookies-&gt;handle()
#38 /workspace/vendor/laravel/framework/src/Illuminate/Pipeline/Pipeline.php(126): Illuminate\Pipeline\Pipeline-&gt;{closure:{closure:Illuminate\Pipeline\Pipeline::carry():183}:184}()
#39 /workspace/vendor/laravel/framework/src/Illuminate/Routing/Router.php(807): Illuminate\Pipeline\Pipeline-&gt;then()
#40 /workspace/vendor/laravel/framework/src/Illuminate/Routing/Router.php(786): Illuminate\Routing\Router-&gt;runRouteWithinStack()
#41 /workspace/vendor/laravel/framework/src/Illuminate/Routing/Router.php(750): Illuminate\Routing\Router-&gt;runRoute()
#42 /workspace/vendor/laravel/framework/src/Illuminate/Routing/Router.php(739): Illuminate\Routing\Router-&gt;dispatchToRoute()
#43 /workspace/vendor/laravel/framework/src/Illuminate/Foundation/Http/Kernel.php(200): Illuminate\Routing\Router-&gt;dispatch()
#44 /workspace/vendor/laravel/framework/src/Illuminate/Pipeline/Pipeline.php(169): Illuminate\Foundation\Http\Kernel-&gt;{closure:Illuminate\Foundation\Http\Kernel::dispatchToRouter():197}()
#45 /workspace/vendor/livewire/livewire/src/Features/SupportDisablingBackButtonCache/DisableBackButtonCacheMiddleware.php(19): Illuminate\Pipeline\Pipeline-&gt;{closure:Illuminate\Pipeline\Pipeline::prepareDestination():167}()
#46 /workspace/vendor/laravel/framework/src/Illuminate/Pipeline/Pipeline.php(208): Livewire\Features\SupportDisablingBackButtonCache\DisableBackButtonCacheMiddleware-&gt;handle()
#47 /workspace/vendor/barryvdh/laravel-debugbar/src/Middleware/InjectDebugbar.php(59): Illuminate\Pipeline\Pipeline-&gt;{closure:{closure:Illuminate\Pipeline\Pipeline::carry():183}:184}()
#48 /workspace/vendor/laravel/framework/src/Illuminate/Pipeline/Pipeline.php(208): Barryvdh\Debugbar\Middleware\InjectDebugbar-&gt;handle()
#49 /workspace/vendor/laravel/framework/src/Illuminate/Foundation/Http/Middleware/TransformsRequest.php(21): Illuminate\Pipeline\Pipeline-&gt;{closure:{closure:Illuminate\Pipeline\Pipeline::carry():183}:184}()
#50 /workspace/vendor/laravel/framework/src/Illuminate/Foundation/Http/Middleware/ConvertEmptyStringsToNull.php(31): Illuminate\Foundation\Http\Middleware\TransformsRequest-&gt;handle()
#51 /workspace/vendor/laravel/framework/src/Illuminate/Pipeline/Pipeline.php(208): Illuminate\Foundation\Http\Middleware\ConvertEmptyStringsToNull-&gt;handle()
#52 /workspace/vendor/laravel/framework/src/Illuminate/Foundation/Http/Middleware/TransformsRequest.php(21): Illuminate\Pipeline\Pipeline-&gt;{closure:{closure:Illuminate\Pipeline\Pipeline::carry():183}:184}()
#53 /workspace/vendor/laravel/framework/src/Illuminate/Foundation/Http/Middleware/TrimStrings.php(51): Illuminate\Foundation\Http\Middleware\TransformsRequest-&gt;handle()
#54 /workspace/vendor/laravel/framework/src/Illuminate/Pipeline/Pipeline.php(208): Illuminate\Foundation\Http\Middleware\TrimStrings-&gt;handle()
#55 /workspace/vendor/laravel/framework/src/Illuminate/Http/Middleware/ValidatePostSize.php(27): Illuminate\Pipeline\Pipeline-&gt;{closure:{closure:Illuminate\Pipeline\Pipeline::carry():183}:184}()
#56 /workspace/vendor/laravel/framework/src/Illuminate/Pipeline/Pipeline.php(208): Illuminate\Http\Middleware\ValidatePostSize-&gt;handle()
#57 /workspace/vendor/laravel/framework/src/Illuminate/Foundation/Http/Middleware/PreventRequestsDuringMaintenance.php(109): Illuminate\Pipeline\Pipeline-&gt;{closure:{closure:Illuminate\Pipeline\Pipeline::carry():183}:184}()
#58 /workspace/vendor/laravel/framework/src/Illuminate/Pipeline/Pipeline.php(208): Illuminate\Foundation\Http\Middleware\PreventRequestsDuringMaintenance-&gt;handle()
#59 /workspace/vendor/laravel/framework/src/Illuminate/Http/Middleware/HandleCors.php(48): Illuminate\Pipeline\Pipeline-&gt;{closure:{closure:Illuminate\Pipeline\Pipeline::carry():183}:184}()
#60 /workspace/vendor/laravel/framework/src/Illuminate/Pipeline/Pipeline.php(208): Illuminate\Http\Middleware\HandleCors-&gt;handle()
#61 /workspace/vendor/laravel/framework/src/Illuminate/Http/Middleware/TrustProxies.php(58): Illuminate\Pipeline\Pipeline-&gt;{closure:{closure:Illuminate\Pipeline\Pipeline::carry():183}:184}()
#62 /workspace/vendor/laravel/framework/src/Illuminate/Pipeline/Pipeline.php(208): Illuminate\Http\Middleware\TrustProxies-&gt;handle()
#63 /workspace/vendor/laravel/framework/src/Illuminate/Foundation/Http/Middleware/InvokeDeferredCallbacks.php(22): Illuminate\Pipeline\Pipeline-&gt;{closure:{closure:Illuminate\Pipeline\Pipeline::carry():183}:184}()
#64 /workspace/vendor/laravel/framework/src/Illuminate/Pipeline/Pipeline.php(208): Illuminate\Foundation\Http\Middleware\InvokeDeferredCallbacks-&gt;handle()
#65 /workspace/vendor/laravel/framework/src/Illuminate/Http/Middleware/ValidatePathEncoding.php(26): Illuminate\Pipeline\Pipeline-&gt;{closure:{closure:Illuminate\Pipeline\Pipeline::carry():183}:184}()
#66 /workspace/vendor/laravel/framework/src/Illuminate/Pipeline/Pipeline.php(208): Illuminate\Http\Middleware\ValidatePathEncoding-&gt;handle()
#67 /workspace/vendor/laravel/framework/src/Illuminate/Pipeline/Pipeline.php(126): Illuminate\Pipeline\Pipeline-&gt;{closure:{closure:Illuminate\Pipeline\Pipeline::carry():183}:184}()
#68 /workspace/vendor/laravel/framework/src/Illuminate/Foundation/Http/Kernel.php(175): Illuminate\Pipeline\Pipeline-&gt;then()
#69 /workspace/vendor/laravel/framework/src/Illuminate/Foundation/Http/Kernel.php(144): Illuminate\Foundation\Http\Kernel-&gt;sendRequestThroughRouter()
#70 /workspace/vendor/laravel/framework/src/Illuminate/Foundation/Testing/Concerns/MakesHttpRequests.php(607): Illuminate\Foundation\Http\Kernel-&gt;handle()
#71 /workspace/vendor/laravel/framework/src/Illuminate/Foundation/Testing/Concerns/MakesHttpRequests.php(368): Illuminate\Foundation\Testing\TestCase-&gt;call()
#72 /workspace/tests/Feature/Reports/ExportTest.php(24): Illuminate\Foundation\Testing\TestCase-&gt;get()
#73 /workspace/vendor/phpunit/phpunit/src/Framework/TestCase.php(1656): Tests\Feature\Reports\ExportTest-&gt;test_sales_pdf_export_returns_pdf()
#74 /workspace/vendor/phpunit/phpunit/src/Framework/TestCase.php(514): PHPUnit\Framework\TestCase-&gt;runTest()
#75 /workspace/vendor/phpunit/phpunit/src/Framework/TestRunner/TestRunner.php(87): PHPUnit\Framework\TestCase-&gt;runBare()
#76 /workspace/vendor/phpunit/phpunit/src/Framework/TestCase.php(361): PHPUnit\Framework\TestRunner-&gt;run()
#77 /workspace/vendor/phpunit/phpunit/src/Framework/TestSuite.php(369): PHPUnit\Framework\TestCase-&gt;run()
#78 /workspace/vendor/phpunit/phpunit/src/Framework/TestSuite.php(369): PHPUnit\Framework\TestSuite-&gt;run()
#79 /workspace/vendor/phpunit/phpunit/src/Framework/TestSuite.php(369): PHPUnit\Framework\TestSuite-&gt;run()
#80 /workspace/vendor/phpunit/phpunit/src/TextUI/TestRunner.php(64): PHPUnit\Framework\TestSuite-&gt;run()
#81 /workspace/vendor/phpunit/phpunit/src/TextUI/Application.php(210): PHPUnit\TextUI\TestRunner-&gt;run()
#82 /workspace/vendor/phpunit/phpunit/phpunit(104): PHPUnit\TextUI\Application-&gt;run()
#83 /workspace/vendor/bin/phpunit(122): include('...')
#84 {main}

----------------------------------------------------------------------------------

SQLSTATE[42S02]: Base table or view not found: 1146 Table 'tenant_demo_test.product_store' doesn't exist (Connection: tenant, SQL: select * from `product_store` where `product_id` = 1 and `store_id` = 1 limit 1)

/workspace/vendor/laravel/framework/src/Illuminate/Testing/TestResponseAssert.php:45
/workspace/vendor/laravel/framework/src/Illuminate/Testing/TestResponse.php:174
/workspace/tests/Feature/Reports/ExportTest.php:26</failure>
        </testcase>
      </testsuite>
    </testsuite>
  </testsuite>
</testsuites>
