<?xml version="1.0" encoding="UTF-8"?>
<testsuites>
  <testsuite name="/workspace/phpunit.xml" tests="7" assertions="21" errors="0" failures="0" skipped="0" time="1.340521">
    <testsuite name="Unit" tests="1" assertions="1" errors="0" failures="0" skipped="0" time="0.022569">
      <testsuite name="Tests\Unit\ExampleTest" file="/workspace/tests/Unit/ExampleTest.php" tests="1" assertions="1" errors="0" failures="0" skipped="0" time="0.022569">
        <testcase name="test_that_true_is_true" file="/workspace/tests/Unit/ExampleTest.php" line="12" class="Tests\Unit\ExampleTest" classname="Tests.Unit.ExampleTest" assertions="1" time="0.022569"/>
      </testsuite>
    </testsuite>
    <testsuite name="Feature" tests="6" assertions="20" errors="0" failures="0" skipped="0" time="1.317952">
      <testsuite name="Tests\Feature\Auth\LoginTest" file="/workspace/tests/Feature/Auth/LoginTest.php" tests="2" assertions="10" errors="0" failures="0" skipped="0" time="0.394776">
        <testcase name="test_valid_login_redirects_to_home" file="/workspace/tests/Feature/Auth/LoginTest.php" line="11" class="Tests\Feature\Auth\LoginTest" classname="Tests.Feature.Auth.LoginTest" assertions="6" time="0.159452"/>
        <testcase name="test_invalid_password_redirects_back_to_login" file="/workspace/tests/Feature/Auth/LoginTest.php" line="26" class="Tests\Feature\Auth\LoginTest" classname="Tests.Feature.Auth.LoginTest" assertions="4" time="0.235324"/>
      </testsuite>
      <testsuite name="Tests\Feature\Catalog\ProductTest" file="/workspace/tests/Feature/Catalog/ProductTest.php" tests="2" assertions="5" errors="0" failures="0" skipped="0" time="0.142334">
        <testcase name="test_create_product_with_mapping_valid" file="/workspace/tests/Feature/Catalog/ProductTest.php" line="26" class="Tests\Feature\Catalog\ProductTest" classname="Tests.Feature.Catalog.ProductTest" assertions="3" time="0.099838"/>
        <testcase name="test_create_product_invalid_unit_fk" file="/workspace/tests/Feature/Catalog/ProductTest.php" line="114" class="Tests\Feature\Catalog\ProductTest" classname="Tests.Feature.Catalog.ProductTest" assertions="2" time="0.042496"/>
      </testsuite>
      <testsuite name="Tests\Feature\ExampleTest" file="/workspace/tests/Feature/ExampleTest.php" tests="1" assertions="3" errors="0" failures="0" skipped="0" time="0.038417">
        <testcase name="test_the_application_returns_a_successful_response" file="/workspace/tests/Feature/ExampleTest.php" line="13" class="Tests\Feature\ExampleTest" classname="Tests.Feature.ExampleTest" assertions="3" time="0.038417"/>
      </testsuite>
      <testsuite name="Tests\Feature\Reports\ExportTest" file="/workspace/tests/Feature/Reports/ExportTest.php" tests="1" assertions="2" errors="0" failures="0" skipped="0" time="0.742424">
        <testcase name="test_sales_pdf_export_returns_pdf" file="/workspace/tests/Feature/Reports/ExportTest.php" line="21" class="Tests\Feature\Reports\ExportTest" classname="Tests.Feature.Reports.ExportTest" assertions="2" time="0.742424"/>
      </testsuite>
    </testsuite>
  </testsuite>
</testsuites>
