<?xml version="1.0" encoding="UTF-8"?>
<testsuites>
  <testsuite name="/workspace/phpunit.xml" tests="16" assertions="38" errors="0" failures="0" skipped="0" time="0.713709">
    <testsuite name="Feature" tests="16" assertions="38" errors="0" failures="0" skipped="0" time="0.713709">
      <testsuite name="Tests\Feature\DA\PostingTest" file="/workspace/tests/Feature/DA/PostingTest.php" tests="16" assertions="38" errors="0" failures="0" skipped="0" time="0.713709">
        <testsuite name="Tests\Feature\DA\PostingTest::test_sales_posting_cash" tests="3" assertions="6" errors="0" failures="0" skipped="0" time="0.230053">
          <testcase name="test_sales_posting_cash with data set &quot;cash sale 250&quot;" file="/workspace/tests/Feature/DA/PostingTest.php" line="13" class="Tests\Feature\DA\PostingTest" classname="Tests.Feature.DA.PostingTest" assertions="2" time="0.154994"/>
          <testcase name="test_sales_posting_cash with data set &quot;cash sale 0.01&quot;" file="/workspace/tests/Feature/DA/PostingTest.php" line="13" class="Tests\Feature\DA\PostingTest" classname="Tests.Feature.DA.PostingTest" assertions="2" time="0.039013"/>
          <testcase name="test_sales_posting_cash with data set &quot;cash sale 999999.99&quot;" file="/workspace/tests/Feature/DA/PostingTest.php" line="13" class="Tests\Feature\DA\PostingTest" classname="Tests.Feature.DA.PostingTest" assertions="2" time="0.036047"/>
        </testsuite>
        <testsuite name="Tests\Feature\DA\PostingTest::test_purchase_posting_cash" tests="2" assertions="4" errors="0" failures="0" skipped="0" time="0.068672">
          <testcase name="test_purchase_posting_cash with data set &quot;purchase 50&quot;" file="/workspace/tests/Feature/DA/PostingTest.php" line="55" class="Tests\Feature\DA\PostingTest" classname="Tests.Feature.DA.PostingTest" assertions="2" time="0.035539"/>
          <testcase name="test_purchase_posting_cash with data set &quot;purchase 123.45&quot;" file="/workspace/tests/Feature/DA/PostingTest.php" line="55" class="Tests\Feature\DA\PostingTest" classname="Tests.Feature.DA.PostingTest" assertions="2" time="0.033133"/>
        </testsuite>
        <testsuite name="Tests\Feature\DA\PostingTest::test_sales_with_cogs" tests="2" assertions="8" errors="0" failures="0" skipped="0" time="0.084607">
          <testcase name="test_sales_with_cogs with data set &quot;sale 200 cogs 120&quot;" file="/workspace/tests/Feature/DA/PostingTest.php" line="94" class="Tests\Feature\DA\PostingTest" classname="Tests.Feature.DA.PostingTest" assertions="4" time="0.036938"/>
          <testcase name="test_sales_with_cogs with data set &quot;sale 15.55 cogs 9.99&quot;" file="/workspace/tests/Feature/DA/PostingTest.php" line="94" class="Tests\Feature\DA\PostingTest" classname="Tests.Feature.DA.PostingTest" assertions="4" time="0.047669"/>
        </testsuite>
        <testcase name="test_sales_return_cash" file="/workspace/tests/Feature/DA/PostingTest.php" line="128" class="Tests\Feature\DA\PostingTest" classname="Tests.Feature.DA.PostingTest" assertions="4" time="0.041911"/>
        <testsuite name="Tests\Feature\DA\PostingTest::test_fund_transfer" tests="2" assertions="4" errors="0" failures="0" skipped="0" time="0.076089">
          <testcase name="test_fund_transfer with data set &quot;transfer 75&quot;" file="/workspace/tests/Feature/DA/PostingTest.php" line="166" class="Tests\Feature\DA\PostingTest" classname="Tests.Feature.DA.PostingTest" assertions="2" time="0.038166"/>
          <testcase name="test_fund_transfer with data set &quot;transfer 0.50&quot;" file="/workspace/tests/Feature/DA/PostingTest.php" line="166" class="Tests\Feature\DA\PostingTest" classname="Tests.Feature.DA.PostingTest" assertions="2" time="0.037922"/>
        </testsuite>
        <testsuite name="Tests\Feature\DA\PostingTest::test_owner_drawings" tests="2" assertions="4" errors="0" failures="0" skipped="0" time="0.066146">
          <testcase name="test_owner_drawings with data set &quot;draw 40&quot;" file="/workspace/tests/Feature/DA/PostingTest.php" line="187" class="Tests\Feature\DA\PostingTest" classname="Tests.Feature.DA.PostingTest" assertions="2" time="0.029863"/>
          <testcase name="test_owner_drawings with data set &quot;draw 7.77&quot;" file="/workspace/tests/Feature/DA/PostingTest.php" line="187" class="Tests\Feature\DA\PostingTest" classname="Tests.Feature.DA.PostingTest" assertions="2" time="0.036283"/>
        </testsuite>
        <testsuite name="Tests\Feature\DA\PostingTest::test_ppe_acquisition" tests="2" assertions="4" errors="0" failures="0" skipped="0" time="0.076630">
          <testcase name="test_ppe_acquisition with data set &quot;ppe 1000&quot;" file="/workspace/tests/Feature/DA/PostingTest.php" line="208" class="Tests\Feature\DA\PostingTest" classname="Tests.Feature.DA.PostingTest" assertions="2" time="0.038413"/>
          <testcase name="test_ppe_acquisition with data set &quot;ppe 0.75&quot;" file="/workspace/tests/Feature/DA/PostingTest.php" line="208" class="Tests\Feature\DA\PostingTest" classname="Tests.Feature.DA.PostingTest" assertions="2" time="0.038217"/>
        </testsuite>
        <testsuite name="Tests\Feature\DA\PostingTest::test_other_income" tests="2" assertions="4" errors="0" failures="0" skipped="0" time="0.069602">
          <testcase name="test_other_income with data set &quot;other income 33&quot;" file="/workspace/tests/Feature/DA/PostingTest.php" line="229" class="Tests\Feature\DA\PostingTest" classname="Tests.Feature.DA.PostingTest" assertions="2" time="0.033406"/>
          <testcase name="test_other_income with data set &quot;other income 0.99&quot;" file="/workspace/tests/Feature/DA/PostingTest.php" line="229" class="Tests\Feature\DA\PostingTest" classname="Tests.Feature.DA.PostingTest" assertions="2" time="0.036196"/>
        </testsuite>
      </testsuite>
    </testsuite>
  </testsuite>
</testsuites>
