<?xml version="1.0" encoding="UTF-8"?>
<testsuites>
  <testsuite name="/workspace/phpunit.xml" tests="7" assertions="20" errors="0" failures="1" skipped="0" time="1.198043">
    <testsuite name="Unit" tests="1" assertions="1" errors="0" failures="0" skipped="0" time="0.022688">
      <testsuite name="Tests\Unit\ExampleTest" file="/workspace/tests/Unit/ExampleTest.php" tests="1" assertions="1" errors="0" failures="0" skipped="0" time="0.022688">
        <testcase name="test_that_true_is_true" file="/workspace/tests/Unit/ExampleTest.php" line="12" class="Tests\Unit\ExampleTest" classname="Tests.Unit.ExampleTest" assertions="1" time="0.022688"/>
      </testsuite>
    </testsuite>
    <testsuite name="Feature" tests="6" assertions="19" errors="0" failures="1" skipped="0" time="1.175355">
      <testsuite name="Tests\Feature\Auth\LoginTest" file="/workspace/tests/Feature/Auth/LoginTest.php" tests="2" assertions="10" errors="0" failures="0" skipped="0" time="0.407673">
        <testcase name="test_valid_login_redirects_to_home" file="/workspace/tests/Feature/Auth/LoginTest.php" line="11" class="Tests\Feature\Auth\LoginTest" classname="Tests.Feature.Auth.LoginTest" assertions="6" time="0.171157"/>
        <testcase name="test_invalid_password_redirects_back_to_login" file="/workspace/tests/Feature/Auth/LoginTest.php" line="26" class="Tests\Feature\Auth\LoginTest" classname="Tests.Feature.Auth.LoginTest" assertions="4" time="0.236517"/>
      </testsuite>
      <testsuite name="Tests\Feature\Catalog\ProductTest" file="/workspace/tests/Feature/Catalog/ProductTest.php" tests="2" assertions="5" errors="0" failures="0" skipped="0" time="0.139741">
        <testcase name="test_create_product_with_mapping_valid" file="/workspace/tests/Feature/Catalog/ProductTest.php" line="26" class="Tests\Feature\Catalog\ProductTest" classname="Tests.Feature.Catalog.ProductTest" assertions="3" time="0.095927"/>
        <testcase name="test_create_product_invalid_unit_fk" file="/workspace/tests/Feature/Catalog/ProductTest.php" line="114" class="Tests\Feature\Catalog\ProductTest" classname="Tests.Feature.Catalog.ProductTest" assertions="2" time="0.043814"/>
      </testsuite>
      <testsuite name="Tests\Feature\ExampleTest" file="/workspace/tests/Feature/ExampleTest.php" tests="1" assertions="3" errors="0" failures="0" skipped="0" time="0.038593">
        <testcase name="test_the_application_returns_a_successful_response" file="/workspace/tests/Feature/ExampleTest.php" line="13" class="Tests\Feature\ExampleTest" classname="Tests.Feature.ExampleTest" assertions="3" time="0.038593"/>
      </testsuite>
      <testsuite name="Tests\Feature\Reports\ExportTest" file="/workspace/tests/Feature/Reports/ExportTest.php" tests="1" assertions="1" errors="0" failures="1" skipped="0" time="0.589347">
        <testcase name="test_sales_pdf_export_returns_pdf" file="/workspace/tests/Feature/Reports/ExportTest.php" line="21" class="Tests\Feature\Reports\ExportTest" classname="Tests.Feature.Reports.ExportTest" assertions="1" time="0.589347">
          <failure type="PHPUnit\Framework\ExpectationFailedException">Tests\Feature\Reports\ExportTest::test_sales_pdf_export_returns_pdf
Expected response status code [200] but received 500.
Failed asserting that 500 is identical to 200.

The following exception occurred during the last request:

PDOException: SQLSTATE[42S02]: Base table or view not found: 1146 Table 'tenant_demo_test.images' doesn't exist in /workspace/vendor/laravel/framework/src/Illuminate/Database/Connection.php:409
Stack trace:
#0 /workspace/vendor/laravel/framework/src/Illuminate/Database/Connection.php(409): PDOStatement-&gt;execute()
#1 /workspace/vendor/laravel/framework/src/Illuminate/Database/Connection.php(809): Illuminate\Database\Connection-&gt;{closure:Illuminate\Database\Connection::select():395}()
#2 /workspace/vendor/laravel/framework/src/Illuminate/Database/Connection.php(776): Illuminate\Database\Connection-&gt;runQueryCallback()
#3 /workspace/vendor/laravel/framework/src/Illuminate/Database/Connection.php(395): Illuminate\Database\Connection-&gt;run()
#4 /workspace/vendor/laravel/framework/src/Illuminate/Database/Query/Builder.php(3131): Illuminate\Database\Connection-&gt;select()
#5 /workspace/vendor/laravel/framework/src/Illuminate/Database/Query/Builder.php(3116): Illuminate\Database\Query\Builder-&gt;runSelect()
#6 /workspace/vendor/laravel/framework/src/Illuminate/Database/Query/Builder.php(3706): Illuminate\Database\Query\Builder-&gt;{closure:Illuminate\Database\Query\Builder::get():3115}()
#7 /workspace/vendor/laravel/framework/src/Illuminate/Database/Query/Builder.php(3115): Illuminate\Database\Query\Builder-&gt;onceWithColumns()
#8 /workspace/vendor/laravel/framework/src/Illuminate/Database/Eloquent/Builder.php(872): Illuminate\Database\Query\Builder-&gt;get()
#9 /workspace/vendor/laravel/framework/src/Illuminate/Database/Eloquent/Builder.php(854): Illuminate\Database\Eloquent\Builder-&gt;getModels()
#10 /workspace/vendor/laravel/framework/src/Illuminate/Database/Concerns/BuildsQueries.php(366): Illuminate\Database\Eloquent\Builder-&gt;get()
#11 /workspace/vendor/laravel/framework/src/Illuminate/Support/Traits/ForwardsCalls.php(23): Illuminate\Database\Eloquent\Builder-&gt;first()
#12 /workspace/vendor/laravel/framework/src/Illuminate/Support/Traits/ForwardsCalls.php(52): Illuminate\Database\Eloquent\Relations\Relation-&gt;forwardCallTo()
#13 /workspace/vendor/laravel/framework/src/Illuminate/Database/Eloquent/Relations/Relation.php(538): Illuminate\Database\Eloquent\Relations\Relation-&gt;forwardDecoratedCallTo()
#14 /workspace/storage/framework/views/8011927aa8f5f0c1c922ce764dedb942.php(120): Illuminate\Database\Eloquent\Relations\Relation-&gt;__call()
#15 /workspace/vendor/laravel/framework/src/Illuminate/Filesystem/Filesystem.php(123): require('...')
#16 /workspace/vendor/laravel/framework/src/Illuminate/Filesystem/Filesystem.php(124): Illuminate\Filesystem\Filesystem::{closure:Illuminate\Filesystem\Filesystem::getRequire():120}()
#17 /workspace/vendor/laravel/framework/src/Illuminate/View/Engines/PhpEngine.php(57): Illuminate\Filesystem\Filesystem-&gt;getRequire()
#18 /workspace/vendor/livewire/livewire/src/Mechanisms/ExtendBlade/ExtendedCompilerEngine.php(22): Illuminate\View\Engines\PhpEngine-&gt;evaluatePath()
#19 /workspace/vendor/laravel/framework/src/Illuminate/View/Engines/CompilerEngine.php(74): Livewire\Mechanisms\ExtendBlade\ExtendedCompilerEngine-&gt;evaluatePath()
#20 /workspace/vendor/livewire/livewire/src/Mechanisms/ExtendBlade/ExtendedCompilerEngine.php(10): Illuminate\View\Engines\CompilerEngine-&gt;get()
#21 /workspace/vendor/laravel/framework/src/Illuminate/View/View.php(208): Livewire\Mechanisms\ExtendBlade\ExtendedCompilerEngine-&gt;get()
#22 /workspace/vendor/laravel/framework/src/Illuminate/View/View.php(191): Illuminate\View\View-&gt;getContents()
#23 /workspace/vendor/laravel/framework/src/Illuminate/View/View.php(160): Illuminate\View\View-&gt;renderContents()
#24 /workspace/vendor/barryvdh/laravel-dompdf/src/PDF.php(142): Illuminate\View\View-&gt;render()
#25 /workspace/vendor/barryvdh/laravel-dompdf/src/Facade/Pdf.php(66): Barryvdh\DomPDF\PDF-&gt;loadView()
#26 /workspace/app/Http/Controllers/Admin/ReportController.php(335): Barryvdh\DomPDF\Facade\Pdf::__callStatic()
#27 /workspace/vendor/laravel/framework/src/Illuminate/Routing/Controller.php(54): App\Http\Controllers\Admin\ReportController-&gt;salesExport()
#28 /workspace/vendor/laravel/framework/src/Illuminate/Routing/ControllerDispatcher.php(43): Illuminate\Routing\Controller-&gt;callAction()
#29 /workspace/vendor/laravel/framework/src/Illuminate/Routing/Route.php(265): Illuminate\Routing\ControllerDispatcher-&gt;dispatch()
#30 /workspace/vendor/laravel/framework/src/Illuminate/Routing/Route.php(211): Illuminate\Routing\Route-&gt;runController()
#31 /workspace/vendor/laravel/framework/src/Illuminate/Routing/Router.php(808): Illuminate\Routing\Route-&gt;run()
#32 /workspace/vendor/laravel/framework/src/Illuminate/Pipeline/Pipeline.php(169): Illuminate\Routing\Router-&gt;{closure:Illuminate\Routing\Router::runRouteWithinStack():807}()
#33 /workspace/vendor/barryvdh/laravel-debugbar/src/Middleware/InjectDebugbar.php(59): Illuminate\Pipeline\Pipeline-&gt;{closure:Illuminate\Pipeline\Pipeline::prepareDestination():167}()
#34 /workspace/vendor/laravel/framework/src/Illuminate/Pipeline/Pipeline.php(208): Barryvdh\Debugbar\Middleware\InjectDebugbar-&gt;handle()
#35 /workspace/vendor/spatie/laravel-multitenancy/src/Http/Middleware/EnsureValidTenantSession.php(20): Illuminate\Pipeline\Pipeline-&gt;{closure:{closure:Illuminate\Pipeline\Pipeline::carry():183}:184}()
#36 /workspace/vendor/laravel/framework/src/Illuminate/Pipeline/Pipeline.php(208): Spatie\Multitenancy\Http\Middleware\EnsureValidTenantSession-&gt;handle()
#37 /workspace/vendor/spatie/laravel-multitenancy/src/Http/Middleware/NeedsTenant.php(17): Illuminate\Pipeline\Pipeline-&gt;{closure:{closure:Illuminate\Pipeline\Pipeline::carry():183}:184}()
#38 /workspace/vendor/laravel/framework/src/Illuminate/Pipeline/Pipeline.php(208): Spatie\Multitenancy\Http\Middleware\NeedsTenant-&gt;handle()
#39 /workspace/vendor/laravel/framework/src/Illuminate/Routing/Middleware/SubstituteBindings.php(50): Illuminate\Pipeline\Pipeline-&gt;{closure:{closure:Illuminate\Pipeline\Pipeline::carry():183}:184}()
#40 /workspace/vendor/laravel/framework/src/Illuminate/Pipeline/Pipeline.php(208): Illuminate\Routing\Middleware\SubstituteBindings-&gt;handle()
#41 /workspace/vendor/laravel/framework/src/Illuminate/Auth/Middleware/Authenticate.php(63): Illuminate\Pipeline\Pipeline-&gt;{closure:{closure:Illuminate\Pipeline\Pipeline::carry():183}:184}()
#42 /workspace/vendor/laravel/framework/src/Illuminate/Pipeline/Pipeline.php(208): Illuminate\Auth\Middleware\Authenticate-&gt;handle()
#43 /workspace/vendor/laravel/framework/src/Illuminate/Foundation/Http/Middleware/VerifyCsrfToken.php(87): Illuminate\Pipeline\Pipeline-&gt;{closure:{closure:Illuminate\Pipeline\Pipeline::carry():183}:184}()
#44 /workspace/vendor/laravel/framework/src/Illuminate/Pipeline/Pipeline.php(208): Illuminate\Foundation\Http\Middleware\VerifyCsrfToken-&gt;handle()
#45 /workspace/vendor/laravel/framework/src/Illuminate/View/Middleware/ShareErrorsFromSession.php(48): Illuminate\Pipeline\Pipeline-&gt;{closure:{closure:Illuminate\Pipeline\Pipeline::carry():183}:184}()
#46 /workspace/vendor/laravel/framework/src/Illuminate/Pipeline/Pipeline.php(208): Illuminate\View\Middleware\ShareErrorsFromSession-&gt;handle()
#47 /workspace/vendor/laravel/framework/src/Illuminate/Session/Middleware/StartSession.php(120): Illuminate\Pipeline\Pipeline-&gt;{closure:{closure:Illuminate\Pipeline\Pipeline::carry():183}:184}()
#48 /workspace/vendor/laravel/framework/src/Illuminate/Session/Middleware/StartSession.php(63): Illuminate\Session\Middleware\StartSession-&gt;handleStatefulRequest()
#49 /workspace/vendor/laravel/framework/src/Illuminate/Pipeline/Pipeline.php(208): Illuminate\Session\Middleware\StartSession-&gt;handle()
#50 /workspace/vendor/laravel/framework/src/Illuminate/Cookie/Middleware/AddQueuedCookiesToResponse.php(36): Illuminate\Pipeline\Pipeline-&gt;{closure:{closure:Illuminate\Pipeline\Pipeline::carry():183}:184}()
#51 /workspace/vendor/laravel/framework/src/Illuminate/Pipeline/Pipeline.php(208): Illuminate\Cookie\Middleware\AddQueuedCookiesToResponse-&gt;handle()
#52 /workspace/vendor/laravel/framework/src/Illuminate/Cookie/Middleware/EncryptCookies.php(74): Illuminate\Pipeline\Pipeline-&gt;{closure:{closure:Illuminate\Pipeline\Pipeline::carry():183}:184}()
#53 /workspace/vendor/laravel/framework/src/Illuminate/Pipeline/Pipeline.php(208): Illuminate\Cookie\Middleware\EncryptCookies-&gt;handle()
#54 /workspace/vendor/laravel/framework/src/Illuminate/Pipeline/Pipeline.php(126): Illuminate\Pipeline\Pipeline-&gt;{closure:{closure:Illuminate\Pipeline\Pipeline::carry():183}:184}()
#55 /workspace/vendor/laravel/framework/src/Illuminate/Routing/Router.php(807): Illuminate\Pipeline\Pipeline-&gt;then()
#56 /workspace/vendor/laravel/framework/src/Illuminate/Routing/Router.php(786): Illuminate\Routing\Router-&gt;runRouteWithinStack()
#57 /workspace/vendor/laravel/framework/src/Illuminate/Routing/Router.php(750): Illuminate\Routing\Router-&gt;runRoute()
#58 /workspace/vendor/laravel/framework/src/Illuminate/Routing/Router.php(739): Illuminate\Routing\Router-&gt;dispatchToRoute()
#59 /workspace/vendor/laravel/framework/src/Illuminate/Foundation/Http/Kernel.php(200): Illuminate\Routing\Router-&gt;dispatch()
#60 /workspace/vendor/laravel/framework/src/Illuminate/Pipeline/Pipeline.php(169): Illuminate\Foundation\Http\Kernel-&gt;{closure:Illuminate\Foundation\Http\Kernel::dispatchToRouter():197}()
#61 /workspace/vendor/livewire/livewire/src/Features/SupportDisablingBackButtonCache/DisableBackButtonCacheMiddleware.php(19): Illuminate\Pipeline\Pipeline-&gt;{closure:Illuminate\Pipeline\Pipeline::prepareDestination():167}()
#62 /workspace/vendor/laravel/framework/src/Illuminate/Pipeline/Pipeline.php(208): Livewire\Features\SupportDisablingBackButtonCache\DisableBackButtonCacheMiddleware-&gt;handle()
#63 /workspace/vendor/barryvdh/laravel-debugbar/src/Middleware/InjectDebugbar.php(59): Illuminate\Pipeline\Pipeline-&gt;{closure:{closure:Illuminate\Pipeline\Pipeline::carry():183}:184}()
#64 /workspace/vendor/laravel/framework/src/Illuminate/Pipeline/Pipeline.php(208): Barryvdh\Debugbar\Middleware\InjectDebugbar-&gt;handle()
#65 /workspace/vendor/laravel/framework/src/Illuminate/Foundation/Http/Middleware/TransformsRequest.php(21): Illuminate\Pipeline\Pipeline-&gt;{closure:{closure:Illuminate\Pipeline\Pipeline::carry():183}:184}()
#66 /workspace/vendor/laravel/framework/src/Illuminate/Foundation/Http/Middleware/ConvertEmptyStringsToNull.php(31): Illuminate\Foundation\Http\Middleware\TransformsRequest-&gt;handle()
#67 /workspace/vendor/laravel/framework/src/Illuminate/Pipeline/Pipeline.php(208): Illuminate\Foundation\Http\Middleware\ConvertEmptyStringsToNull-&gt;handle()
#68 /workspace/vendor/laravel/framework/src/Illuminate/Foundation/Http/Middleware/TransformsRequest.php(21): Illuminate\Pipeline\Pipeline-&gt;{closure:{closure:Illuminate\Pipeline\Pipeline::carry():183}:184}()
#69 /workspace/vendor/laravel/framework/src/Illuminate/Foundation/Http/Middleware/TrimStrings.php(51): Illuminate\Foundation\Http\Middleware\TransformsRequest-&gt;handle()
#70 /workspace/vendor/laravel/framework/src/Illuminate/Pipeline/Pipeline.php(208): Illuminate\Foundation\Http\Middleware\TrimStrings-&gt;handle()
#71 /workspace/vendor/laravel/framework/src/Illuminate/Http/Middleware/ValidatePostSize.php(27): Illuminate\Pipeline\Pipeline-&gt;{closure:{closure:Illuminate\Pipeline\Pipeline::carry():183}:184}()
#72 /workspace/vendor/laravel/framework/src/Illuminate/Pipeline/Pipeline.php(208): Illuminate\Http\Middleware\ValidatePostSize-&gt;handle()
#73 /workspace/vendor/laravel/framework/src/Illuminate/Foundation/Http/Middleware/PreventRequestsDuringMaintenance.php(109): Illuminate\Pipeline\Pipeline-&gt;{closure:{closure:Illuminate\Pipeline\Pipeline::carry():183}:184}()
#74 /workspace/vendor/laravel/framework/src/Illuminate/Pipeline/Pipeline.php(208): Illuminate\Foundation\Http\Middleware\PreventRequestsDuringMaintenance-&gt;handle()
#75 /workspace/vendor/laravel/framework/src/Illuminate/Http/Middleware/HandleCors.php(48): Illuminate\Pipeline\Pipeline-&gt;{closure:{closure:Illuminate\Pipeline\Pipeline::carry():183}:184}()
#76 /workspace/vendor/laravel/framework/src/Illuminate/Pipeline/Pipeline.php(208): Illuminate\Http\Middleware\HandleCors-&gt;handle()
#77 /workspace/vendor/laravel/framework/src/Illuminate/Http/Middleware/TrustProxies.php(58): Illuminate\Pipeline\Pipeline-&gt;{closure:{closure:Illuminate\Pipeline\Pipeline::carry():183}:184}()
#78 /workspace/vendor/laravel/framework/src/Illuminate/Pipeline/Pipeline.php(208): Illuminate\Http\Middleware\TrustProxies-&gt;handle()
#79 /workspace/vendor/laravel/framework/src/Illuminate/Foundation/Http/Middleware/InvokeDeferredCallbacks.php(22): Illuminate\Pipeline\Pipeline-&gt;{closure:{closure:Illuminate\Pipeline\Pipeline::carry():183}:184}()
#80 /workspace/vendor/laravel/framework/src/Illuminate/Pipeline/Pipeline.php(208): Illuminate\Foundation\Http\Middleware\InvokeDeferredCallbacks-&gt;handle()
#81 /workspace/vendor/laravel/framework/src/Illuminate/Http/Middleware/ValidatePathEncoding.php(26): Illuminate\Pipeline\Pipeline-&gt;{closure:{closure:Illuminate\Pipeline\Pipeline::carry():183}:184}()
#82 /workspace/vendor/laravel/framework/src/Illuminate/Pipeline/Pipeline.php(208): Illuminate\Http\Middleware\ValidatePathEncoding-&gt;handle()
#83 /workspace/vendor/laravel/framework/src/Illuminate/Pipeline/Pipeline.php(126): Illuminate\Pipeline\Pipeline-&gt;{closure:{closure:Illuminate\Pipeline\Pipeline::carry():183}:184}()
#84 /workspace/vendor/laravel/framework/src/Illuminate/Foundation/Http/Kernel.php(175): Illuminate\Pipeline\Pipeline-&gt;then()
#85 /workspace/vendor/laravel/framework/src/Illuminate/Foundation/Http/Kernel.php(144): Illuminate\Foundation\Http\Kernel-&gt;sendRequestThroughRouter()
#86 /workspace/vendor/laravel/framework/src/Illuminate/Foundation/Testing/Concerns/MakesHttpRequests.php(607): Illuminate\Foundation\Http\Kernel-&gt;handle()
#87 /workspace/vendor/laravel/framework/src/Illuminate/Foundation/Testing/Concerns/MakesHttpRequests.php(368): Illuminate\Foundation\Testing\TestCase-&gt;call()
#88 /workspace/tests/Feature/Reports/ExportTest.php(25): Illuminate\Foundation\Testing\TestCase-&gt;get()
#89 /workspace/vendor/phpunit/phpunit/src/Framework/TestCase.php(1656): Tests\Feature\Reports\ExportTest-&gt;test_sales_pdf_export_returns_pdf()
#90 /workspace/vendor/phpunit/phpunit/src/Framework/TestCase.php(514): PHPUnit\Framework\TestCase-&gt;runTest()
#91 /workspace/vendor/phpunit/phpunit/src/Framework/TestRunner/TestRunner.php(87): PHPUnit\Framework\TestCase-&gt;runBare()
#92 /workspace/vendor/phpunit/phpunit/src/Framework/TestCase.php(361): PHPUnit\Framework\TestRunner-&gt;run()
#93 /workspace/vendor/phpunit/phpunit/src/Framework/TestSuite.php(369): PHPUnit\Framework\TestCase-&gt;run()
#94 /workspace/vendor/phpunit/phpunit/src/Framework/TestSuite.php(369): PHPUnit\Framework\TestSuite-&gt;run()
#95 /workspace/vendor/phpunit/phpunit/src/Framework/TestSuite.php(369): PHPUnit\Framework\TestSuite-&gt;run()
#96 /workspace/vendor/phpunit/phpunit/src/TextUI/TestRunner.php(64): PHPUnit\Framework\TestSuite-&gt;run()
#97 /workspace/vendor/phpunit/phpunit/src/TextUI/Application.php(210): PHPUnit\TextUI\TestRunner-&gt;run()
#98 /workspace/vendor/phpunit/phpunit/phpunit(104): PHPUnit\TextUI\Application-&gt;run()
#99 /workspace/vendor/bin/phpunit(122): include('...')
#100 {main}

Next Illuminate\Database\QueryException: SQLSTATE[42S02]: Base table or view not found: 1146 Table 'tenant_demo_test.images' doesn't exist (Connection: tenant, SQL: select * from `images` where `images`.`imageable_type` = App\Models\Company and `images`.`imageable_id` = 1 and `images`.`imageable_id` is not null order by `created_at` desc limit 1) in /workspace/vendor/laravel/framework/src/Illuminate/Database/Connection.php:822
Stack trace:
#0 /workspace/vendor/laravel/framework/src/Illuminate/Database/Connection.php(776): Illuminate\Database\Connection-&gt;runQueryCallback()
#1 /workspace/vendor/laravel/framework/src/Illuminate/Database/Connection.php(395): Illuminate\Database\Connection-&gt;run()
#2 /workspace/vendor/laravel/framework/src/Illuminate/Database/Query/Builder.php(3131): Illuminate\Database\Connection-&gt;select()
#3 /workspace/vendor/laravel/framework/src/Illuminate/Database/Query/Builder.php(3116): Illuminate\Database\Query\Builder-&gt;runSelect()
#4 /workspace/vendor/laravel/framework/src/Illuminate/Database/Query/Builder.php(3706): Illuminate\Database\Query\Builder-&gt;{closure:Illuminate\Database\Query\Builder::get():3115}()
#5 /workspace/vendor/laravel/framework/src/Illuminate/Database/Query/Builder.php(3115): Illuminate\Database\Query\Builder-&gt;onceWithColumns()
#6 /workspace/vendor/laravel/framework/src/Illuminate/Database/Eloquent/Builder.php(872): Illuminate\Database\Query\Builder-&gt;get()
#7 /workspace/vendor/laravel/framework/src/Illuminate/Database/Eloquent/Builder.php(854): Illuminate\Database\Eloquent\Builder-&gt;getModels()
#8 /workspace/vendor/laravel/framework/src/Illuminate/Database/Concerns/BuildsQueries.php(366): Illuminate\Database\Eloquent\Builder-&gt;get()
#9 /workspace/vendor/laravel/framework/src/Illuminate/Support/Traits/ForwardsCalls.php(23): Illuminate\Database\Eloquent\Builder-&gt;first()
#10 /workspace/vendor/laravel/framework/src/Illuminate/Support/Traits/ForwardsCalls.php(52): Illuminate\Database\Eloquent\Relations\Relation-&gt;forwardCallTo()
#11 /workspace/vendor/laravel/framework/src/Illuminate/Database/Eloquent/Relations/Relation.php(538): Illuminate\Database\Eloquent\Relations\Relation-&gt;forwardDecoratedCallTo()
#12 /workspace/storage/framework/views/8011927aa8f5f0c1c922ce764dedb942.php(120): Illuminate\Database\Eloquent\Relations\Relation-&gt;__call()
#13 /workspace/vendor/laravel/framework/src/Illuminate/Filesystem/Filesystem.php(123): require('...')
#14 /workspace/vendor/laravel/framework/src/Illuminate/Filesystem/Filesystem.php(124): Illuminate\Filesystem\Filesystem::{closure:Illuminate\Filesystem\Filesystem::getRequire():120}()
#15 /workspace/vendor/laravel/framework/src/Illuminate/View/Engines/PhpEngine.php(57): Illuminate\Filesystem\Filesystem-&gt;getRequire()
#16 /workspace/vendor/livewire/livewire/src/Mechanisms/ExtendBlade/ExtendedCompilerEngine.php(22): Illuminate\View\Engines\PhpEngine-&gt;evaluatePath()
#17 /workspace/vendor/laravel/framework/src/Illuminate/View/Engines/CompilerEngine.php(74): Livewire\Mechanisms\ExtendBlade\ExtendedCompilerEngine-&gt;evaluatePath()
#18 /workspace/vendor/livewire/livewire/src/Mechanisms/ExtendBlade/ExtendedCompilerEngine.php(10): Illuminate\View\Engines\CompilerEngine-&gt;get()
#19 /workspace/vendor/laravel/framework/src/Illuminate/View/View.php(208): Livewire\Mechanisms\ExtendBlade\ExtendedCompilerEngine-&gt;get()
#20 /workspace/vendor/laravel/framework/src/Illuminate/View/View.php(191): Illuminate\View\View-&gt;getContents()
#21 /workspace/vendor/laravel/framework/src/Illuminate/View/View.php(160): Illuminate\View\View-&gt;renderContents()
#22 /workspace/vendor/barryvdh/laravel-dompdf/src/PDF.php(142): Illuminate\View\View-&gt;render()
#23 /workspace/vendor/barryvdh/laravel-dompdf/src/Facade/Pdf.php(66): Barryvdh\DomPDF\PDF-&gt;loadView()
#24 /workspace/app/Http/Controllers/Admin/ReportController.php(335): Barryvdh\DomPDF\Facade\Pdf::__callStatic()
#25 /workspace/vendor/laravel/framework/src/Illuminate/Routing/Controller.php(54): App\Http\Controllers\Admin\ReportController-&gt;salesExport()
#26 /workspace/vendor/laravel/framework/src/Illuminate/Routing/ControllerDispatcher.php(43): Illuminate\Routing\Controller-&gt;callAction()
#27 /workspace/vendor/laravel/framework/src/Illuminate/Routing/Route.php(265): Illuminate\Routing\ControllerDispatcher-&gt;dispatch()
#28 /workspace/vendor/laravel/framework/src/Illuminate/Routing/Route.php(211): Illuminate\Routing\Route-&gt;runController()
#29 /workspace/vendor/laravel/framework/src/Illuminate/Routing/Router.php(808): Illuminate\Routing\Route-&gt;run()
#30 /workspace/vendor/laravel/framework/src/Illuminate/Pipeline/Pipeline.php(169): Illuminate\Routing\Router-&gt;{closure:Illuminate\Routing\Router::runRouteWithinStack():807}()
#31 /workspace/vendor/barryvdh/laravel-debugbar/src/Middleware/InjectDebugbar.php(59): Illuminate\Pipeline\Pipeline-&gt;{closure:Illuminate\Pipeline\Pipeline::prepareDestination():167}()
#32 /workspace/vendor/laravel/framework/src/Illuminate/Pipeline/Pipeline.php(208): Barryvdh\Debugbar\Middleware\InjectDebugbar-&gt;handle()
#33 /workspace/vendor/spatie/laravel-multitenancy/src/Http/Middleware/EnsureValidTenantSession.php(20): Illuminate\Pipeline\Pipeline-&gt;{closure:{closure:Illuminate\Pipeline\Pipeline::carry():183}:184}()
#34 /workspace/vendor/laravel/framework/src/Illuminate/Pipeline/Pipeline.php(208): Spatie\Multitenancy\Http\Middleware\EnsureValidTenantSession-&gt;handle()
#35 /workspace/vendor/spatie/laravel-multitenancy/src/Http/Middleware/NeedsTenant.php(17): Illuminate\Pipeline\Pipeline-&gt;{closure:{closure:Illuminate\Pipeline\Pipeline::carry():183}:184}()
#36 /workspace/vendor/laravel/framework/src/Illuminate/Pipeline/Pipeline.php(208): Spatie\Multitenancy\Http\Middleware\NeedsTenant-&gt;handle()
#37 /workspace/vendor/laravel/framework/src/Illuminate/Routing/Middleware/SubstituteBindings.php(50): Illuminate\Pipeline\Pipeline-&gt;{closure:{closure:Illuminate\Pipeline\Pipeline::carry():183}:184}()
#38 /workspace/vendor/laravel/framework/src/Illuminate/Pipeline/Pipeline.php(208): Illuminate\Routing\Middleware\SubstituteBindings-&gt;handle()
#39 /workspace/vendor/laravel/framework/src/Illuminate/Auth/Middleware/Authenticate.php(63): Illuminate\Pipeline\Pipeline-&gt;{closure:{closure:Illuminate\Pipeline\Pipeline::carry():183}:184}()
#40 /workspace/vendor/laravel/framework/src/Illuminate/Pipeline/Pipeline.php(208): Illuminate\Auth\Middleware\Authenticate-&gt;handle()
#41 /workspace/vendor/laravel/framework/src/Illuminate/Foundation/Http/Middleware/VerifyCsrfToken.php(87): Illuminate\Pipeline\Pipeline-&gt;{closure:{closure:Illuminate\Pipeline\Pipeline::carry():183}:184}()
#42 /workspace/vendor/laravel/framework/src/Illuminate/Pipeline/Pipeline.php(208): Illuminate\Foundation\Http\Middleware\VerifyCsrfToken-&gt;handle()
#43 /workspace/vendor/laravel/framework/src/Illuminate/View/Middleware/ShareErrorsFromSession.php(48): Illuminate\Pipeline\Pipeline-&gt;{closure:{closure:Illuminate\Pipeline\Pipeline::carry():183}:184}()
#44 /workspace/vendor/laravel/framework/src/Illuminate/Pipeline/Pipeline.php(208): Illuminate\View\Middleware\ShareErrorsFromSession-&gt;handle()
#45 /workspace/vendor/laravel/framework/src/Illuminate/Session/Middleware/StartSession.php(120): Illuminate\Pipeline\Pipeline-&gt;{closure:{closure:Illuminate\Pipeline\Pipeline::carry():183}:184}()
#46 /workspace/vendor/laravel/framework/src/Illuminate/Session/Middleware/StartSession.php(63): Illuminate\Session\Middleware\StartSession-&gt;handleStatefulRequest()
#47 /workspace/vendor/laravel/framework/src/Illuminate/Pipeline/Pipeline.php(208): Illuminate\Session\Middleware\StartSession-&gt;handle()
#48 /workspace/vendor/laravel/framework/src/Illuminate/Cookie/Middleware/AddQueuedCookiesToResponse.php(36): Illuminate\Pipeline\Pipeline-&gt;{closure:{closure:Illuminate\Pipeline\Pipeline::carry():183}:184}()
#49 /workspace/vendor/laravel/framework/src/Illuminate/Pipeline/Pipeline.php(208): Illuminate\Cookie\Middleware\AddQueuedCookiesToResponse-&gt;handle()
#50 /workspace/vendor/laravel/framework/src/Illuminate/Cookie/Middleware/EncryptCookies.php(74): Illuminate\Pipeline\Pipeline-&gt;{closure:{closure:Illuminate\Pipeline\Pipeline::carry():183}:184}()
#51 /workspace/vendor/laravel/framework/src/Illuminate/Pipeline/Pipeline.php(208): Illuminate\Cookie\Middleware\EncryptCookies-&gt;handle()
#52 /workspace/vendor/laravel/framework/src/Illuminate/Pipeline/Pipeline.php(126): Illuminate\Pipeline\Pipeline-&gt;{closure:{closure:Illuminate\Pipeline\Pipeline::carry():183}:184}()
#53 /workspace/vendor/laravel/framework/src/Illuminate/Routing/Router.php(807): Illuminate\Pipeline\Pipeline-&gt;then()
#54 /workspace/vendor/laravel/framework/src/Illuminate/Routing/Router.php(786): Illuminate\Routing\Router-&gt;runRouteWithinStack()
#55 /workspace/vendor/laravel/framework/src/Illuminate/Routing/Router.php(750): Illuminate\Routing\Router-&gt;runRoute()
#56 /workspace/vendor/laravel/framework/src/Illuminate/Routing/Router.php(739): Illuminate\Routing\Router-&gt;dispatchToRoute()
#57 /workspace/vendor/laravel/framework/src/Illuminate/Foundation/Http/Kernel.php(200): Illuminate\Routing\Router-&gt;dispatch()
#58 /workspace/vendor/laravel/framework/src/Illuminate/Pipeline/Pipeline.php(169): Illuminate\Foundation\Http\Kernel-&gt;{closure:Illuminate\Foundation\Http\Kernel::dispatchToRouter():197}()
#59 /workspace/vendor/livewire/livewire/src/Features/SupportDisablingBackButtonCache/DisableBackButtonCacheMiddleware.php(19): Illuminate\Pipeline\Pipeline-&gt;{closure:Illuminate\Pipeline\Pipeline::prepareDestination():167}()
#60 /workspace/vendor/laravel/framework/src/Illuminate/Pipeline/Pipeline.php(208): Livewire\Features\SupportDisablingBackButtonCache\DisableBackButtonCacheMiddleware-&gt;handle()
#61 /workspace/vendor/barryvdh/laravel-debugbar/src/Middleware/InjectDebugbar.php(59): Illuminate\Pipeline\Pipeline-&gt;{closure:{closure:Illuminate\Pipeline\Pipeline::carry():183}:184}()
#62 /workspace/vendor/laravel/framework/src/Illuminate/Pipeline/Pipeline.php(208): Barryvdh\Debugbar\Middleware\InjectDebugbar-&gt;handle()
#63 /workspace/vendor/laravel/framework/src/Illuminate/Foundation/Http/Middleware/TransformsRequest.php(21): Illuminate\Pipeline\Pipeline-&gt;{closure:{closure:Illuminate\Pipeline\Pipeline::carry():183}:184}()
#64 /workspace/vendor/laravel/framework/src/Illuminate/Foundation/Http/Middleware/ConvertEmptyStringsToNull.php(31): Illuminate\Foundation\Http\Middleware\TransformsRequest-&gt;handle()
#65 /workspace/vendor/laravel/framework/src/Illuminate/Pipeline/Pipeline.php(208): Illuminate\Foundation\Http\Middleware\ConvertEmptyStringsToNull-&gt;handle()
#66 /workspace/vendor/laravel/framework/src/Illuminate/Foundation/Http/Middleware/TransformsRequest.php(21): Illuminate\Pipeline\Pipeline-&gt;{closure:{closure:Illuminate\Pipeline\Pipeline::carry():183}:184}()
#67 /workspace/vendor/laravel/framework/src/Illuminate/Foundation/Http/Middleware/TrimStrings.php(51): Illuminate\Foundation\Http\Middleware\TransformsRequest-&gt;handle()
#68 /workspace/vendor/laravel/framework/src/Illuminate/Pipeline/Pipeline.php(208): Illuminate\Foundation\Http\Middleware\TrimStrings-&gt;handle()
#69 /workspace/vendor/laravel/framework/src/Illuminate/Http/Middleware/ValidatePostSize.php(27): Illuminate\Pipeline\Pipeline-&gt;{closure:{closure:Illuminate\Pipeline\Pipeline::carry():183}:184}()
#70 /workspace/vendor/laravel/framework/src/Illuminate/Pipeline/Pipeline.php(208): Illuminate\Http\Middleware\ValidatePostSize-&gt;handle()
#71 /workspace/vendor/laravel/framework/src/Illuminate/Foundation/Http/Middleware/PreventRequestsDuringMaintenance.php(109): Illuminate\Pipeline\Pipeline-&gt;{closure:{closure:Illuminate\Pipeline\Pipeline::carry():183}:184}()
#72 /workspace/vendor/laravel/framework/src/Illuminate/Pipeline/Pipeline.php(208): Illuminate\Foundation\Http\Middleware\PreventRequestsDuringMaintenance-&gt;handle()
#73 /workspace/vendor/laravel/framework/src/Illuminate/Http/Middleware/HandleCors.php(48): Illuminate\Pipeline\Pipeline-&gt;{closure:{closure:Illuminate\Pipeline\Pipeline::carry():183}:184}()
#74 /workspace/vendor/laravel/framework/src/Illuminate/Pipeline/Pipeline.php(208): Illuminate\Http\Middleware\HandleCors-&gt;handle()
#75 /workspace/vendor/laravel/framework/src/Illuminate/Http/Middleware/TrustProxies.php(58): Illuminate\Pipeline\Pipeline-&gt;{closure:{closure:Illuminate\Pipeline\Pipeline::carry():183}:184}()
#76 /workspace/vendor/laravel/framework/src/Illuminate/Pipeline/Pipeline.php(208): Illuminate\Http\Middleware\TrustProxies-&gt;handle()
#77 /workspace/vendor/laravel/framework/src/Illuminate/Foundation/Http/Middleware/InvokeDeferredCallbacks.php(22): Illuminate\Pipeline\Pipeline-&gt;{closure:{closure:Illuminate\Pipeline\Pipeline::carry():183}:184}()
#78 /workspace/vendor/laravel/framework/src/Illuminate/Pipeline/Pipeline.php(208): Illuminate\Foundation\Http\Middleware\InvokeDeferredCallbacks-&gt;handle()
#79 /workspace/vendor/laravel/framework/src/Illuminate/Http/Middleware/ValidatePathEncoding.php(26): Illuminate\Pipeline\Pipeline-&gt;{closure:{closure:Illuminate\Pipeline\Pipeline::carry():183}:184}()
#80 /workspace/vendor/laravel/framework/src/Illuminate/Pipeline/Pipeline.php(208): Illuminate\Http\Middleware\ValidatePathEncoding-&gt;handle()
#81 /workspace/vendor/laravel/framework/src/Illuminate/Pipeline/Pipeline.php(126): Illuminate\Pipeline\Pipeline-&gt;{closure:{closure:Illuminate\Pipeline\Pipeline::carry():183}:184}()
#82 /workspace/vendor/laravel/framework/src/Illuminate/Foundation/Http/Kernel.php(175): Illuminate\Pipeline\Pipeline-&gt;then()
#83 /workspace/vendor/laravel/framework/src/Illuminate/Foundation/Http/Kernel.php(144): Illuminate\Foundation\Http\Kernel-&gt;sendRequestThroughRouter()
#84 /workspace/vendor/laravel/framework/src/Illuminate/Foundation/Testing/Concerns/MakesHttpRequests.php(607): Illuminate\Foundation\Http\Kernel-&gt;handle()
#85 /workspace/vendor/laravel/framework/src/Illuminate/Foundation/Testing/Concerns/MakesHttpRequests.php(368): Illuminate\Foundation\Testing\TestCase-&gt;call()
#86 /workspace/tests/Feature/Reports/ExportTest.php(25): Illuminate\Foundation\Testing\TestCase-&gt;get()
#87 /workspace/vendor/phpunit/phpunit/src/Framework/TestCase.php(1656): Tests\Feature\Reports\ExportTest-&gt;test_sales_pdf_export_returns_pdf()
#88 /workspace/vendor/phpunit/phpunit/src/Framework/TestCase.php(514): PHPUnit\Framework\TestCase-&gt;runTest()
#89 /workspace/vendor/phpunit/phpunit/src/Framework/TestRunner/TestRunner.php(87): PHPUnit\Framework\TestCase-&gt;runBare()
#90 /workspace/vendor/phpunit/phpunit/src/Framework/TestCase.php(361): PHPUnit\Framework\TestRunner-&gt;run()
#91 /workspace/vendor/phpunit/phpunit/src/Framework/TestSuite.php(369): PHPUnit\Framework\TestCase-&gt;run()
#92 /workspace/vendor/phpunit/phpunit/src/Framework/TestSuite.php(369): PHPUnit\Framework\TestSuite-&gt;run()
#93 /workspace/vendor/phpunit/phpunit/src/Framework/TestSuite.php(369): PHPUnit\Framework\TestSuite-&gt;run()
#94 /workspace/vendor/phpunit/phpunit/src/TextUI/TestRunner.php(64): PHPUnit\Framework\TestSuite-&gt;run()
#95 /workspace/vendor/phpunit/phpunit/src/TextUI/Application.php(210): PHPUnit\TextUI\TestRunner-&gt;run()
#96 /workspace/vendor/phpunit/phpunit/phpunit(104): PHPUnit\TextUI\Application-&gt;run()
#97 /workspace/vendor/bin/phpunit(122): include('...')
#98 {main}

Next Illuminate\View\ViewException: SQLSTATE[42S02]: Base table or view not found: 1146 Table 'tenant_demo_test.images' doesn't exist (Connection: tenant, SQL: select * from `images` where `images`.`imageable_type` = App\Models\Company and `images`.`imageable_id` = 1 and `images`.`imageable_id` is not null order by `created_at` desc limit 1) (View: /workspace/resources/views/admin/reports/sales-export-pdf.blade.php) in /workspace/vendor/laravel/framework/src/Illuminate/Database/Connection.php:822
Stack trace:
#0 /workspace/vendor/livewire/livewire/src/Mechanisms/ExtendBlade/ExtendedCompilerEngine.php(58): Illuminate\View\Engines\CompilerEngine-&gt;handleViewException()
#1 /workspace/vendor/laravel/framework/src/Illuminate/View/Engines/PhpEngine.php(59): Livewire\Mechanisms\ExtendBlade\ExtendedCompilerEngine-&gt;handleViewException()
#2 /workspace/vendor/livewire/livewire/src/Mechanisms/ExtendBlade/ExtendedCompilerEngine.php(22): Illuminate\View\Engines\PhpEngine-&gt;evaluatePath()
#3 /workspace/vendor/laravel/framework/src/Illuminate/View/Engines/CompilerEngine.php(74): Livewire\Mechanisms\ExtendBlade\ExtendedCompilerEngine-&gt;evaluatePath()
#4 /workspace/vendor/livewire/livewire/src/Mechanisms/ExtendBlade/ExtendedCompilerEngine.php(10): Illuminate\View\Engines\CompilerEngine-&gt;get()
#5 /workspace/vendor/laravel/framework/src/Illuminate/View/View.php(208): Livewire\Mechanisms\ExtendBlade\ExtendedCompilerEngine-&gt;get()
#6 /workspace/vendor/laravel/framework/src/Illuminate/View/View.php(191): Illuminate\View\View-&gt;getContents()
#7 /workspace/vendor/laravel/framework/src/Illuminate/View/View.php(160): Illuminate\View\View-&gt;renderContents()
#8 /workspace/vendor/barryvdh/laravel-dompdf/src/PDF.php(142): Illuminate\View\View-&gt;render()
#9 /workspace/vendor/barryvdh/laravel-dompdf/src/Facade/Pdf.php(66): Barryvdh\DomPDF\PDF-&gt;loadView()
#10 /workspace/app/Http/Controllers/Admin/ReportController.php(335): Barryvdh\DomPDF\Facade\Pdf::__callStatic()
#11 /workspace/vendor/laravel/framework/src/Illuminate/Routing/Controller.php(54): App\Http\Controllers\Admin\ReportController-&gt;salesExport()
#12 /workspace/vendor/laravel/framework/src/Illuminate/Routing/ControllerDispatcher.php(43): Illuminate\Routing\Controller-&gt;callAction()
#13 /workspace/vendor/laravel/framework/src/Illuminate/Routing/Route.php(265): Illuminate\Routing\ControllerDispatcher-&gt;dispatch()
#14 /workspace/vendor/laravel/framework/src/Illuminate/Routing/Route.php(211): Illuminate\Routing\Route-&gt;runController()
#15 /workspace/vendor/laravel/framework/src/Illuminate/Routing/Router.php(808): Illuminate\Routing\Route-&gt;run()
#16 /workspace/vendor/laravel/framework/src/Illuminate/Pipeline/Pipeline.php(169): Illuminate\Routing\Router-&gt;{closure:Illuminate\Routing\Router::runRouteWithinStack():807}()
#17 /workspace/vendor/barryvdh/laravel-debugbar/src/Middleware/InjectDebugbar.php(59): Illuminate\Pipeline\Pipeline-&gt;{closure:Illuminate\Pipeline\Pipeline::prepareDestination():167}()
#18 /workspace/vendor/laravel/framework/src/Illuminate/Pipeline/Pipeline.php(208): Barryvdh\Debugbar\Middleware\InjectDebugbar-&gt;handle()
#19 /workspace/vendor/spatie/laravel-multitenancy/src/Http/Middleware/EnsureValidTenantSession.php(20): Illuminate\Pipeline\Pipeline-&gt;{closure:{closure:Illuminate\Pipeline\Pipeline::carry():183}:184}()
#20 /workspace/vendor/laravel/framework/src/Illuminate/Pipeline/Pipeline.php(208): Spatie\Multitenancy\Http\Middleware\EnsureValidTenantSession-&gt;handle()
#21 /workspace/vendor/spatie/laravel-multitenancy/src/Http/Middleware/NeedsTenant.php(17): Illuminate\Pipeline\Pipeline-&gt;{closure:{closure:Illuminate\Pipeline\Pipeline::carry():183}:184}()
#22 /workspace/vendor/laravel/framework/src/Illuminate/Pipeline/Pipeline.php(208): Spatie\Multitenancy\Http\Middleware\NeedsTenant-&gt;handle()
#23 /workspace/vendor/laravel/framework/src/Illuminate/Routing/Middleware/SubstituteBindings.php(50): Illuminate\Pipeline\Pipeline-&gt;{closure:{closure:Illuminate\Pipeline\Pipeline::carry():183}:184}()
#24 /workspace/vendor/laravel/framework/src/Illuminate/Pipeline/Pipeline.php(208): Illuminate\Routing\Middleware\SubstituteBindings-&gt;handle()
#25 /workspace/vendor/laravel/framework/src/Illuminate/Auth/Middleware/Authenticate.php(63): Illuminate\Pipeline\Pipeline-&gt;{closure:{closure:Illuminate\Pipeline\Pipeline::carry():183}:184}()
#26 /workspace/vendor/laravel/framework/src/Illuminate/Pipeline/Pipeline.php(208): Illuminate\Auth\Middleware\Authenticate-&gt;handle()
#27 /workspace/vendor/laravel/framework/src/Illuminate/Foundation/Http/Middleware/VerifyCsrfToken.php(87): Illuminate\Pipeline\Pipeline-&gt;{closure:{closure:Illuminate\Pipeline\Pipeline::carry():183}:184}()
#28 /workspace/vendor/laravel/framework/src/Illuminate/Pipeline/Pipeline.php(208): Illuminate\Foundation\Http\Middleware\VerifyCsrfToken-&gt;handle()
#29 /workspace/vendor/laravel/framework/src/Illuminate/View/Middleware/ShareErrorsFromSession.php(48): Illuminate\Pipeline\Pipeline-&gt;{closure:{closure:Illuminate\Pipeline\Pipeline::carry():183}:184}()
#30 /workspace/vendor/laravel/framework/src/Illuminate/Pipeline/Pipeline.php(208): Illuminate\View\Middleware\ShareErrorsFromSession-&gt;handle()
#31 /workspace/vendor/laravel/framework/src/Illuminate/Session/Middleware/StartSession.php(120): Illuminate\Pipeline\Pipeline-&gt;{closure:{closure:Illuminate\Pipeline\Pipeline::carry():183}:184}()
#32 /workspace/vendor/laravel/framework/src/Illuminate/Session/Middleware/StartSession.php(63): Illuminate\Session\Middleware\StartSession-&gt;handleStatefulRequest()
#33 /workspace/vendor/laravel/framework/src/Illuminate/Pipeline/Pipeline.php(208): Illuminate\Session\Middleware\StartSession-&gt;handle()
#34 /workspace/vendor/laravel/framework/src/Illuminate/Cookie/Middleware/AddQueuedCookiesToResponse.php(36): Illuminate\Pipeline\Pipeline-&gt;{closure:{closure:Illuminate\Pipeline\Pipeline::carry():183}:184}()
#35 /workspace/vendor/laravel/framework/src/Illuminate/Pipeline/Pipeline.php(208): Illuminate\Cookie\Middleware\AddQueuedCookiesToResponse-&gt;handle()
#36 /workspace/vendor/laravel/framework/src/Illuminate/Cookie/Middleware/EncryptCookies.php(74): Illuminate\Pipeline\Pipeline-&gt;{closure:{closure:Illuminate\Pipeline\Pipeline::carry():183}:184}()
#37 /workspace/vendor/laravel/framework/src/Illuminate/Pipeline/Pipeline.php(208): Illuminate\Cookie\Middleware\EncryptCookies-&gt;handle()
#38 /workspace/vendor/laravel/framework/src/Illuminate/Pipeline/Pipeline.php(126): Illuminate\Pipeline\Pipeline-&gt;{closure:{closure:Illuminate\Pipeline\Pipeline::carry():183}:184}()
#39 /workspace/vendor/laravel/framework/src/Illuminate/Routing/Router.php(807): Illuminate\Pipeline\Pipeline-&gt;then()
#40 /workspace/vendor/laravel/framework/src/Illuminate/Routing/Router.php(786): Illuminate\Routing\Router-&gt;runRouteWithinStack()
#41 /workspace/vendor/laravel/framework/src/Illuminate/Routing/Router.php(750): Illuminate\Routing\Router-&gt;runRoute()
#42 /workspace/vendor/laravel/framework/src/Illuminate/Routing/Router.php(739): Illuminate\Routing\Router-&gt;dispatchToRoute()
#43 /workspace/vendor/laravel/framework/src/Illuminate/Foundation/Http/Kernel.php(200): Illuminate\Routing\Router-&gt;dispatch()
#44 /workspace/vendor/laravel/framework/src/Illuminate/Pipeline/Pipeline.php(169): Illuminate\Foundation\Http\Kernel-&gt;{closure:Illuminate\Foundation\Http\Kernel::dispatchToRouter():197}()
#45 /workspace/vendor/livewire/livewire/src/Features/SupportDisablingBackButtonCache/DisableBackButtonCacheMiddleware.php(19): Illuminate\Pipeline\Pipeline-&gt;{closure:Illuminate\Pipeline\Pipeline::prepareDestination():167}()
#46 /workspace/vendor/laravel/framework/src/Illuminate/Pipeline/Pipeline.php(208): Livewire\Features\SupportDisablingBackButtonCache\DisableBackButtonCacheMiddleware-&gt;handle()
#47 /workspace/vendor/barryvdh/laravel-debugbar/src/Middleware/InjectDebugbar.php(59): Illuminate\Pipeline\Pipeline-&gt;{closure:{closure:Illuminate\Pipeline\Pipeline::carry():183}:184}()
#48 /workspace/vendor/laravel/framework/src/Illuminate/Pipeline/Pipeline.php(208): Barryvdh\Debugbar\Middleware\InjectDebugbar-&gt;handle()
#49 /workspace/vendor/laravel/framework/src/Illuminate/Foundation/Http/Middleware/TransformsRequest.php(21): Illuminate\Pipeline\Pipeline-&gt;{closure:{closure:Illuminate\Pipeline\Pipeline::carry():183}:184}()
#50 /workspace/vendor/laravel/framework/src/Illuminate/Foundation/Http/Middleware/ConvertEmptyStringsToNull.php(31): Illuminate\Foundation\Http\Middleware\TransformsRequest-&gt;handle()
#51 /workspace/vendor/laravel/framework/src/Illuminate/Pipeline/Pipeline.php(208): Illuminate\Foundation\Http\Middleware\ConvertEmptyStringsToNull-&gt;handle()
#52 /workspace/vendor/laravel/framework/src/Illuminate/Foundation/Http/Middleware/TransformsRequest.php(21): Illuminate\Pipeline\Pipeline-&gt;{closure:{closure:Illuminate\Pipeline\Pipeline::carry():183}:184}()
#53 /workspace/vendor/laravel/framework/src/Illuminate/Foundation/Http/Middleware/TrimStrings.php(51): Illuminate\Foundation\Http\Middleware\TransformsRequest-&gt;handle()
#54 /workspace/vendor/laravel/framework/src/Illuminate/Pipeline/Pipeline.php(208): Illuminate\Foundation\Http\Middleware\TrimStrings-&gt;handle()
#55 /workspace/vendor/laravel/framework/src/Illuminate/Http/Middleware/ValidatePostSize.php(27): Illuminate\Pipeline\Pipeline-&gt;{closure:{closure:Illuminate\Pipeline\Pipeline::carry():183}:184}()
#56 /workspace/vendor/laravel/framework/src/Illuminate/Pipeline/Pipeline.php(208): Illuminate\Http\Middleware\ValidatePostSize-&gt;handle()
#57 /workspace/vendor/laravel/framework/src/Illuminate/Foundation/Http/Middleware/PreventRequestsDuringMaintenance.php(109): Illuminate\Pipeline\Pipeline-&gt;{closure:{closure:Illuminate\Pipeline\Pipeline::carry():183}:184}()
#58 /workspace/vendor/laravel/framework/src/Illuminate/Pipeline/Pipeline.php(208): Illuminate\Foundation\Http\Middleware\PreventRequestsDuringMaintenance-&gt;handle()
#59 /workspace/vendor/laravel/framework/src/Illuminate/Http/Middleware/HandleCors.php(48): Illuminate\Pipeline\Pipeline-&gt;{closure:{closure:Illuminate\Pipeline\Pipeline::carry():183}:184}()
#60 /workspace/vendor/laravel/framework/src/Illuminate/Pipeline/Pipeline.php(208): Illuminate\Http\Middleware\HandleCors-&gt;handle()
#61 /workspace/vendor/laravel/framework/src/Illuminate/Http/Middleware/TrustProxies.php(58): Illuminate\Pipeline\Pipeline-&gt;{closure:{closure:Illuminate\Pipeline\Pipeline::carry():183}:184}()
#62 /workspace/vendor/laravel/framework/src/Illuminate/Pipeline/Pipeline.php(208): Illuminate\Http\Middleware\TrustProxies-&gt;handle()
#63 /workspace/vendor/laravel/framework/src/Illuminate/Foundation/Http/Middleware/InvokeDeferredCallbacks.php(22): Illuminate\Pipeline\Pipeline-&gt;{closure:{closure:Illuminate\Pipeline\Pipeline::carry():183}:184}()
#64 /workspace/vendor/laravel/framework/src/Illuminate/Pipeline/Pipeline.php(208): Illuminate\Foundation\Http\Middleware\InvokeDeferredCallbacks-&gt;handle()
#65 /workspace/vendor/laravel/framework/src/Illuminate/Http/Middleware/ValidatePathEncoding.php(26): Illuminate\Pipeline\Pipeline-&gt;{closure:{closure:Illuminate\Pipeline\Pipeline::carry():183}:184}()
#66 /workspace/vendor/laravel/framework/src/Illuminate/Pipeline/Pipeline.php(208): Illuminate\Http\Middleware\ValidatePathEncoding-&gt;handle()
#67 /workspace/vendor/laravel/framework/src/Illuminate/Pipeline/Pipeline.php(126): Illuminate\Pipeline\Pipeline-&gt;{closure:{closure:Illuminate\Pipeline\Pipeline::carry():183}:184}()
#68 /workspace/vendor/laravel/framework/src/Illuminate/Foundation/Http/Kernel.php(175): Illuminate\Pipeline\Pipeline-&gt;then()
#69 /workspace/vendor/laravel/framework/src/Illuminate/Foundation/Http/Kernel.php(144): Illuminate\Foundation\Http\Kernel-&gt;sendRequestThroughRouter()
#70 /workspace/vendor/laravel/framework/src/Illuminate/Foundation/Testing/Concerns/MakesHttpRequests.php(607): Illuminate\Foundation\Http\Kernel-&gt;handle()
#71 /workspace/vendor/laravel/framework/src/Illuminate/Foundation/Testing/Concerns/MakesHttpRequests.php(368): Illuminate\Foundation\Testing\TestCase-&gt;call()
#72 /workspace/tests/Feature/Reports/ExportTest.php(25): Illuminate\Foundation\Testing\TestCase-&gt;get()
#73 /workspace/vendor/phpunit/phpunit/src/Framework/TestCase.php(1656): Tests\Feature\Reports\ExportTest-&gt;test_sales_pdf_export_returns_pdf()
#74 /workspace/vendor/phpunit/phpunit/src/Framework/TestCase.php(514): PHPUnit\Framework\TestCase-&gt;runTest()
#75 /workspace/vendor/phpunit/phpunit/src/Framework/TestRunner/TestRunner.php(87): PHPUnit\Framework\TestCase-&gt;runBare()
#76 /workspace/vendor/phpunit/phpunit/src/Framework/TestCase.php(361): PHPUnit\Framework\TestRunner-&gt;run()
#77 /workspace/vendor/phpunit/phpunit/src/Framework/TestSuite.php(369): PHPUnit\Framework\TestCase-&gt;run()
#78 /workspace/vendor/phpunit/phpunit/src/Framework/TestSuite.php(369): PHPUnit\Framework\TestSuite-&gt;run()
#79 /workspace/vendor/phpunit/phpunit/src/Framework/TestSuite.php(369): PHPUnit\Framework\TestSuite-&gt;run()
#80 /workspace/vendor/phpunit/phpunit/src/TextUI/TestRunner.php(64): PHPUnit\Framework\TestSuite-&gt;run()
#81 /workspace/vendor/phpunit/phpunit/src/TextUI/Application.php(210): PHPUnit\TextUI\TestRunner-&gt;run()
#82 /workspace/vendor/phpunit/phpunit/phpunit(104): PHPUnit\TextUI\Application-&gt;run()
#83 /workspace/vendor/bin/phpunit(122): include('...')
#84 {main}

----------------------------------------------------------------------------------

SQLSTATE[42S02]: Base table or view not found: 1146 Table 'tenant_demo_test.images' doesn't exist (Connection: tenant, SQL: select * from `images` where `images`.`imageable_type` = App\Models\Company and `images`.`imageable_id` = 1 and `images`.`imageable_id` is not null order by `created_at` desc limit 1) (View: /workspace/resources/views/admin/reports/sales-export-pdf.blade.php)

/workspace/vendor/laravel/framework/src/Illuminate/Testing/TestResponseAssert.php:45
/workspace/vendor/laravel/framework/src/Illuminate/Testing/TestResponse.php:174
/workspace/tests/Feature/Reports/ExportTest.php:27</failure>
        </testcase>
      </testsuite>
    </testsuite>
  </testsuite>
</testsuites>
